mode: set
github.com/Lesnoi3283/url_shortener/cmd/client/main.go:14.13,24.16 6 0
github.com/Lesnoi3283/url_shortener/cmd/client/main.go:24.16,25.13 1 0
github.com/Lesnoi3283/url_shortener/cmd/client/main.go:27.2,36.16 5 0
github.com/Lesnoi3283/url_shortener/cmd/client/main.go:36.16,37.13 1 0
github.com/Lesnoi3283/url_shortener/cmd/client/main.go:40.2,43.16 3 0
github.com/Lesnoi3283/url_shortener/cmd/client/main.go:43.16,44.13 1 0
github.com/Lesnoi3283/url_shortener/cmd/client/main.go:47.2,51.16 4 0
github.com/Lesnoi3283/url_shortener/cmd/client/main.go:51.16,52.13 1 0
github.com/Lesnoi3283/url_shortener/cmd/client/main.go:55.2,55.27 1 0
github.com/Lesnoi3283/url_shortener/cmd/shortener/main.go:12.13,19.29 4 0
github.com/Lesnoi3283/url_shortener/cmd/shortener/main.go:19.29,22.17 3 0
github.com/Lesnoi3283/url_shortener/cmd/shortener/main.go:22.17,24.4 1 0
github.com/Lesnoi3283/url_shortener/cmd/shortener/main.go:25.8,25.39 1 0
github.com/Lesnoi3283/url_shortener/cmd/shortener/main.go:25.39,27.3 1 0
github.com/Lesnoi3283/url_shortener/cmd/shortener/main.go:27.8,29.3 1 0
github.com/Lesnoi3283/url_shortener/cmd/shortener/main.go:32.2,33.16 2 0
github.com/Lesnoi3283/url_shortener/cmd/shortener/main.go:33.16,35.3 1 0
github.com/Lesnoi3283/url_shortener/cmd/shortener/main.go:36.2,40.16 5 0
github.com/Lesnoi3283/url_shortener/cmd/shortener/main.go:40.16,42.3 1 0
github.com/Lesnoi3283/url_shortener/cmd/shortener/main.go:43.2,47.55 3 0
github.com/Lesnoi3283/url_shortener/config/shortener_config.go:30.30,44.70 12 0
github.com/Lesnoi3283/url_shortener/config/shortener_config.go:44.70,46.3 1 0
github.com/Lesnoi3283/url_shortener/config/shortener_config.go:47.2,47.64 1 0
github.com/Lesnoi3283/url_shortener/config/shortener_config.go:47.64,49.3 1 0
github.com/Lesnoi3283/url_shortener/config/shortener_config.go:50.2,50.55 1 0
github.com/Lesnoi3283/url_shortener/config/shortener_config.go:50.55,52.3 1 0
github.com/Lesnoi3283/url_shortener/config/shortener_config.go:53.2,53.29 1 0
github.com/Lesnoi3283/url_shortener/config/shortener_config.go:53.29,55.3 1 0
github.com/Lesnoi3283/url_shortener/config/shortener_config.go:56.2,56.26 1 0
github.com/Lesnoi3283/url_shortener/config/shortener_config.go:56.26,58.3 1 0
github.com/Lesnoi3283/url_shortener/cmd/staticlint/analysers/osexist_checker.go:17.66,22.31 3 0
github.com/Lesnoi3283/url_shortener/cmd/staticlint/analysers/osexist_checker.go:22.31,23.40 1 0
github.com/Lesnoi3283/url_shortener/cmd/staticlint/analysers/osexist_checker.go:23.40,25.26 1 0
github.com/Lesnoi3283/url_shortener/cmd/staticlint/analysers/osexist_checker.go:26.19,27.34 1 0
github.com/Lesnoi3283/url_shortener/cmd/staticlint/analysers/osexist_checker.go:28.23,29.31 1 0
github.com/Lesnoi3283/url_shortener/cmd/staticlint/analysers/osexist_checker.go:30.23,31.58 1 0
github.com/Lesnoi3283/url_shortener/cmd/staticlint/analysers/osexist_checker.go:31.58,32.56 1 0
github.com/Lesnoi3283/url_shortener/cmd/staticlint/analysers/osexist_checker.go:32.56,33.54 1 0
github.com/Lesnoi3283/url_shortener/cmd/staticlint/analysers/osexist_checker.go:33.54,34.64 1 0
github.com/Lesnoi3283/url_shortener/cmd/staticlint/analysers/osexist_checker.go:34.64,36.9 1 0
github.com/Lesnoi3283/url_shortener/cmd/staticlint/analysers/osexist_checker.go:41.4,41.15 1 0
github.com/Lesnoi3283/url_shortener/cmd/staticlint/analysers/osexist_checker.go:44.2,44.17 1 0
github.com/Lesnoi3283/url_shortener/cmd/staticlint/main.go:20.13,26.49 4 0
github.com/Lesnoi3283/url_shortener/cmd/staticlint/main.go:26.49,27.54 1 0
github.com/Lesnoi3283/url_shortener/cmd/staticlint/main.go:27.54,29.4 1 0
github.com/Lesnoi3283/url_shortener/cmd/staticlint/main.go:29.9,30.39 1 0
github.com/Lesnoi3283/url_shortener/cmd/staticlint/main.go:30.39,32.4 1 0
github.com/Lesnoi3283/url_shortener/cmd/staticlint/main.go:35.2,37.3 1 0
github.com/Lesnoi3283/url_shortener/internal/app/handlers/mocks/mock_DBInterface.go:27.83,31.2 3 0
github.com/Lesnoi3283/url_shortener/internal/app/handlers/mocks/mock_DBInterface.go:34.81,36.2 1 0
github.com/Lesnoi3283/url_shortener/internal/app/handlers/mocks/mock_DBInterface.go:39.80,45.2 5 0
github.com/Lesnoi3283/url_shortener/internal/app/handlers/mocks/mock_DBInterface.go:48.89,51.2 2 0
github.com/Lesnoi3283/url_shortener/internal/app/handlers/mocks/mock_DBInterface.go:54.90,60.2 5 0
github.com/Lesnoi3283/url_shortener/internal/app/handlers/mocks/mock_DBInterface.go:63.103,66.2 2 0
github.com/Lesnoi3283/url_shortener/internal/app/handlers/mocks/mock_DBInterface.go:69.90,75.2 5 0
github.com/Lesnoi3283/url_shortener/internal/app/handlers/mocks/mock_DBInterface.go:78.89,81.2 2 0
github.com/Lesnoi3283/url_shortener/internal/app/handlers/mocks/mock_DBInterface.go:84.104,90.2 5 0
github.com/Lesnoi3283/url_shortener/internal/app/handlers/mocks/mock_DBInterface.go:93.98,96.2 2 0
github.com/Lesnoi3283/url_shortener/internal/app/handlers/mocks/mock_DBInterface.go:99.48,104.2 4 0
github.com/Lesnoi3283/url_shortener/internal/app/handlers/mocks/mock_DBInterface.go:107.68,110.2 2 0
github.com/Lesnoi3283/url_shortener/internal/app/handlers/mocks/mock_DBInterface.go:113.85,118.2 4 0
github.com/Lesnoi3283/url_shortener/internal/app/handlers/mocks/mock_DBInterface.go:121.88,124.2 2 0
github.com/Lesnoi3283/url_shortener/internal/app/handlers/mocks/mock_DBInterface.go:127.93,132.2 4 0
github.com/Lesnoi3283/url_shortener/internal/app/handlers/mocks/mock_DBInterface.go:135.94,138.2 2 0
github.com/Lesnoi3283/url_shortener/internal/app/handlers/mocks/mock_DBInterface.go:141.115,146.2 4 0
github.com/Lesnoi3283/url_shortener/internal/app/handlers/mocks/mock_DBInterface.go:149.112,152.2 2 0
github.com/Lesnoi3283/url_shortener/internal/app/handlers/mocks/mock_DBInterface.go:155.107,160.2 4 0
github.com/Lesnoi3283/url_shortener/internal/app/handlers/mocks/mock_DBInterface.go:163.106,166.2 2 0
github.com/Lesnoi3283/url_shortener/internal/app/middlewares/mocks/mocks_AuthMW.go:26.67,30.2 3 0
github.com/Lesnoi3283/url_shortener/internal/app/middlewares/mocks/mocks_AuthMW.go:33.65,35.2 1 0
github.com/Lesnoi3283/url_shortener/internal/app/middlewares/mocks/mocks_AuthMW.go:38.72,44.2 5 0
github.com/Lesnoi3283/url_shortener/internal/app/middlewares/mocks/mocks_AuthMW.go:47.81,50.2 2 0
github.com/Lesnoi3283/url_shortener/pkg/databases/JSON_file_storage.go:34.55,37.2 2 0
github.com/Lesnoi3283/url_shortener/pkg/databases/JSON_file_storage.go:40.77,46.16 4 0
github.com/Lesnoi3283/url_shortener/pkg/databases/JSON_file_storage.go:46.16,48.3 1 0
github.com/Lesnoi3283/url_shortener/pkg/databases/JSON_file_storage.go:49.2,54.19 3 0
github.com/Lesnoi3283/url_shortener/pkg/databases/JSON_file_storage.go:54.19,56.22 2 0
github.com/Lesnoi3283/url_shortener/pkg/databases/JSON_file_storage.go:56.22,58.4 1 0
github.com/Lesnoi3283/url_shortener/pkg/databases/JSON_file_storage.go:59.3,59.21 1 0
github.com/Lesnoi3283/url_shortener/pkg/databases/JSON_file_storage.go:59.21,62.18 3 0
github.com/Lesnoi3283/url_shortener/pkg/databases/JSON_file_storage.go:62.18,64.5 1 0
github.com/Lesnoi3283/url_shortener/pkg/databases/JSON_file_storage.go:65.4,65.26 1 0
github.com/Lesnoi3283/url_shortener/pkg/databases/JSON_file_storage.go:69.2,77.16 4 0
github.com/Lesnoi3283/url_shortener/pkg/databases/JSON_file_storage.go:77.16,79.3 1 0
github.com/Lesnoi3283/url_shortener/pkg/databases/JSON_file_storage.go:81.2,83.16 3 0
github.com/Lesnoi3283/url_shortener/pkg/databases/JSON_file_storage.go:83.16,85.3 1 0
github.com/Lesnoi3283/url_shortener/pkg/databases/JSON_file_storage.go:86.2,88.12 2 0
github.com/Lesnoi3283/url_shortener/pkg/databases/JSON_file_storage.go:92.99,98.16 4 0
github.com/Lesnoi3283/url_shortener/pkg/databases/JSON_file_storage.go:98.16,100.3 1 0
github.com/Lesnoi3283/url_shortener/pkg/databases/JSON_file_storage.go:101.2,106.19 3 0
github.com/Lesnoi3283/url_shortener/pkg/databases/JSON_file_storage.go:106.19,108.22 2 0
github.com/Lesnoi3283/url_shortener/pkg/databases/JSON_file_storage.go:108.22,110.4 1 0
github.com/Lesnoi3283/url_shortener/pkg/databases/JSON_file_storage.go:111.3,111.21 1 0
github.com/Lesnoi3283/url_shortener/pkg/databases/JSON_file_storage.go:111.21,114.18 3 0
github.com/Lesnoi3283/url_shortener/pkg/databases/JSON_file_storage.go:114.18,116.5 1 0
github.com/Lesnoi3283/url_shortener/pkg/databases/JSON_file_storage.go:117.4,117.26 1 0
github.com/Lesnoi3283/url_shortener/pkg/databases/JSON_file_storage.go:121.2,130.16 4 0
github.com/Lesnoi3283/url_shortener/pkg/databases/JSON_file_storage.go:130.16,132.3 1 0
github.com/Lesnoi3283/url_shortener/pkg/databases/JSON_file_storage.go:134.2,136.16 3 0
github.com/Lesnoi3283/url_shortener/pkg/databases/JSON_file_storage.go:136.16,138.3 1 0
github.com/Lesnoi3283/url_shortener/pkg/databases/JSON_file_storage.go:139.2,141.12 2 0
github.com/Lesnoi3283/url_shortener/pkg/databases/JSON_file_storage.go:145.85,151.16 4 0
github.com/Lesnoi3283/url_shortener/pkg/databases/JSON_file_storage.go:151.16,153.3 1 0
github.com/Lesnoi3283/url_shortener/pkg/databases/JSON_file_storage.go:154.2,159.19 3 0
github.com/Lesnoi3283/url_shortener/pkg/databases/JSON_file_storage.go:159.19,161.22 2 0
github.com/Lesnoi3283/url_shortener/pkg/databases/JSON_file_storage.go:161.22,163.4 1 0
github.com/Lesnoi3283/url_shortener/pkg/databases/JSON_file_storage.go:164.3,164.21 1 0
github.com/Lesnoi3283/url_shortener/pkg/databases/JSON_file_storage.go:164.21,167.18 3 0
github.com/Lesnoi3283/url_shortener/pkg/databases/JSON_file_storage.go:167.18,169.5 1 0
github.com/Lesnoi3283/url_shortener/pkg/databases/JSON_file_storage.go:170.4,170.26 1 0
github.com/Lesnoi3283/url_shortener/pkg/databases/JSON_file_storage.go:175.2,176.27 2 0
github.com/Lesnoi3283/url_shortener/pkg/databases/JSON_file_storage.go:176.27,185.17 4 0
github.com/Lesnoi3283/url_shortener/pkg/databases/JSON_file_storage.go:185.17,187.4 1 0
github.com/Lesnoi3283/url_shortener/pkg/databases/JSON_file_storage.go:189.3,192.17 3 0
github.com/Lesnoi3283/url_shortener/pkg/databases/JSON_file_storage.go:192.17,194.4 1 0
github.com/Lesnoi3283/url_shortener/pkg/databases/JSON_file_storage.go:197.2,199.12 2 0
github.com/Lesnoi3283/url_shortener/pkg/databases/JSON_file_storage.go:203.107,209.16 4 0
github.com/Lesnoi3283/url_shortener/pkg/databases/JSON_file_storage.go:209.16,211.3 1 0
github.com/Lesnoi3283/url_shortener/pkg/databases/JSON_file_storage.go:212.2,217.19 3 0
github.com/Lesnoi3283/url_shortener/pkg/databases/JSON_file_storage.go:217.19,219.22 2 0
github.com/Lesnoi3283/url_shortener/pkg/databases/JSON_file_storage.go:219.22,221.4 1 0
github.com/Lesnoi3283/url_shortener/pkg/databases/JSON_file_storage.go:222.3,222.21 1 0
github.com/Lesnoi3283/url_shortener/pkg/databases/JSON_file_storage.go:222.21,225.18 3 0
github.com/Lesnoi3283/url_shortener/pkg/databases/JSON_file_storage.go:225.18,227.5 1 0
github.com/Lesnoi3283/url_shortener/pkg/databases/JSON_file_storage.go:228.4,228.26 1 0
github.com/Lesnoi3283/url_shortener/pkg/databases/JSON_file_storage.go:233.2,234.27 2 0
github.com/Lesnoi3283/url_shortener/pkg/databases/JSON_file_storage.go:234.27,244.17 4 0
github.com/Lesnoi3283/url_shortener/pkg/databases/JSON_file_storage.go:244.17,246.4 1 0
github.com/Lesnoi3283/url_shortener/pkg/databases/JSON_file_storage.go:248.3,251.17 3 0
github.com/Lesnoi3283/url_shortener/pkg/databases/JSON_file_storage.go:251.17,253.4 1 0
github.com/Lesnoi3283/url_shortener/pkg/databases/JSON_file_storage.go:256.2,258.12 2 0
github.com/Lesnoi3283/url_shortener/pkg/databases/JSON_file_storage.go:262.95,265.2 2 0
github.com/Lesnoi3283/url_shortener/pkg/databases/JSON_file_storage.go:268.105,273.16 4 0
github.com/Lesnoi3283/url_shortener/pkg/databases/JSON_file_storage.go:273.16,275.3 1 0
github.com/Lesnoi3283/url_shortener/pkg/databases/JSON_file_storage.go:276.2,282.21 5 0
github.com/Lesnoi3283/url_shortener/pkg/databases/JSON_file_storage.go:282.21,286.17 4 0
github.com/Lesnoi3283/url_shortener/pkg/databases/JSON_file_storage.go:286.17,288.4 1 0
github.com/Lesnoi3283/url_shortener/pkg/databases/JSON_file_storage.go:290.3,290.32 1 0
github.com/Lesnoi3283/url_shortener/pkg/databases/JSON_file_storage.go:290.32,292.4 1 0
github.com/Lesnoi3283/url_shortener/pkg/databases/JSON_file_storage.go:295.2,295.18 1 0
github.com/Lesnoi3283/url_shortener/pkg/databases/JSON_file_storage.go:299.80,304.16 4 0
github.com/Lesnoi3283/url_shortener/pkg/databases/JSON_file_storage.go:304.16,306.3 1 0
github.com/Lesnoi3283/url_shortener/pkg/databases/JSON_file_storage.go:307.2,312.21 4 0
github.com/Lesnoi3283/url_shortener/pkg/databases/JSON_file_storage.go:312.21,316.17 4 0
github.com/Lesnoi3283/url_shortener/pkg/databases/JSON_file_storage.go:316.17,318.4 1 0
github.com/Lesnoi3283/url_shortener/pkg/databases/JSON_file_storage.go:320.3,320.26 1 0
github.com/Lesnoi3283/url_shortener/pkg/databases/JSON_file_storage.go:320.26,322.4 1 0
github.com/Lesnoi3283/url_shortener/pkg/databases/JSON_file_storage.go:325.2,326.16 2 0
github.com/Lesnoi3283/url_shortener/pkg/databases/JSON_file_storage.go:330.40,332.2 1 0
github.com/Lesnoi3283/url_shortener/pkg/databases/JSON_file_storage.go:336.72,345.2 7 0
github.com/Lesnoi3283/url_shortener/pkg/databases/errors.go:16.45,18.2 1 0
github.com/Lesnoi3283/url_shortener/pkg/databases/errors.go:21.65,23.2 1 0
github.com/Lesnoi3283/url_shortener/pkg/databases/errors.go:26.52,29.2 2 0
github.com/Lesnoi3283/url_shortener/pkg/databases/errors.go:34.31,36.2 1 0
github.com/Lesnoi3283/url_shortener/pkg/databases/errors.go:41.40,43.2 1 0
github.com/Lesnoi3283/url_shortener/pkg/databases/just_a_map.go:22.30,25.2 2 0
github.com/Lesnoi3283/url_shortener/pkg/databases/just_a_map.go:28.92,34.2 5 0
github.com/Lesnoi3283/url_shortener/pkg/databases/just_a_map.go:37.100,38.26 1 0
github.com/Lesnoi3283/url_shortener/pkg/databases/just_a_map.go:38.26,40.17 2 0
github.com/Lesnoi3283/url_shortener/pkg/databases/just_a_map.go:40.17,42.4 1 0
github.com/Lesnoi3283/url_shortener/pkg/databases/just_a_map.go:44.2,44.12 1 0
github.com/Lesnoi3283/url_shortener/pkg/databases/just_a_map.go:48.88,51.2 2 0
github.com/Lesnoi3283/url_shortener/pkg/databases/just_a_map.go:54.89,59.35 4 0
github.com/Lesnoi3283/url_shortener/pkg/databases/just_a_map.go:59.35,61.36 2 0
github.com/Lesnoi3283/url_shortener/pkg/databases/just_a_map.go:61.36,63.4 1 0
github.com/Lesnoi3283/url_shortener/pkg/databases/just_a_map.go:66.2,66.19 1 0
github.com/Lesnoi3283/url_shortener/pkg/databases/just_a_map.go:70.33,72.2 1 0
github.com/Lesnoi3283/url_shortener/pkg/databases/just_a_map.go:76.65,85.2 7 0
github.com/Lesnoi3283/url_shortener/pkg/databases/just_a_map.go:88.70,93.2 4 0
github.com/Lesnoi3283/url_shortener/pkg/databases/just_a_map.go:96.78,97.27 1 0
github.com/Lesnoi3283/url_shortener/pkg/databases/just_a_map.go:97.27,99.17 2 0
github.com/Lesnoi3283/url_shortener/pkg/databases/just_a_map.go:99.17,101.4 1 0
github.com/Lesnoi3283/url_shortener/pkg/databases/just_a_map.go:103.2,103.12 1 0
github.com/Lesnoi3283/url_shortener/pkg/databases/just_a_map.go:107.83,111.9 4 0
github.com/Lesnoi3283/url_shortener/pkg/databases/just_a_map.go:111.9,113.3 1 0
github.com/Lesnoi3283/url_shortener/pkg/databases/just_a_map.go:114.2,114.19 1 0
github.com/Lesnoi3283/url_shortener/pkg/databases/postgresql.go:18.57,20.16 2 0
github.com/Lesnoi3283/url_shortener/pkg/databases/postgresql.go:20.16,22.3 1 0
github.com/Lesnoi3283/url_shortener/pkg/databases/postgresql.go:24.2,38.16 3 0
github.com/Lesnoi3283/url_shortener/pkg/databases/postgresql.go:38.16,40.3 1 0
github.com/Lesnoi3283/url_shortener/pkg/databases/postgresql.go:42.2,46.16 2 0
github.com/Lesnoi3283/url_shortener/pkg/databases/postgresql.go:46.16,48.3 1 0
github.com/Lesnoi3283/url_shortener/pkg/databases/postgresql.go:50.2,50.19 1 0
github.com/Lesnoi3283/url_shortener/pkg/databases/postgresql.go:54.72,58.16 3 0
github.com/Lesnoi3283/url_shortener/pkg/databases/postgresql.go:58.16,60.3 1 0
github.com/Lesnoi3283/url_shortener/pkg/databases/postgresql.go:62.2,63.16 2 0
github.com/Lesnoi3283/url_shortener/pkg/databases/postgresql.go:63.16,65.3 1 0
github.com/Lesnoi3283/url_shortener/pkg/databases/postgresql.go:66.2,66.23 1 0
github.com/Lesnoi3283/url_shortener/pkg/databases/postgresql.go:66.23,73.17 5 0
github.com/Lesnoi3283/url_shortener/pkg/databases/postgresql.go:73.17,75.4 1 0
github.com/Lesnoi3283/url_shortener/pkg/databases/postgresql.go:76.3,76.41 1 0
github.com/Lesnoi3283/url_shortener/pkg/databases/postgresql.go:79.2,79.12 1 0
github.com/Lesnoi3283/url_shortener/pkg/databases/postgresql.go:83.94,87.16 3 0
github.com/Lesnoi3283/url_shortener/pkg/databases/postgresql.go:87.16,89.3 1 0
github.com/Lesnoi3283/url_shortener/pkg/databases/postgresql.go:91.2,92.16 2 0
github.com/Lesnoi3283/url_shortener/pkg/databases/postgresql.go:92.16,94.3 1 0
github.com/Lesnoi3283/url_shortener/pkg/databases/postgresql.go:95.2,95.23 1 0
github.com/Lesnoi3283/url_shortener/pkg/databases/postgresql.go:95.23,101.17 5 0
github.com/Lesnoi3283/url_shortener/pkg/databases/postgresql.go:101.17,103.4 1 0
github.com/Lesnoi3283/url_shortener/pkg/databases/postgresql.go:104.3,104.41 1 0
github.com/Lesnoi3283/url_shortener/pkg/databases/postgresql.go:107.2,107.12 1 0
github.com/Lesnoi3283/url_shortener/pkg/databases/postgresql.go:111.80,113.16 2 0
github.com/Lesnoi3283/url_shortener/pkg/databases/postgresql.go:113.16,115.3 1 0
github.com/Lesnoi3283/url_shortener/pkg/databases/postgresql.go:116.2,118.27 2 0
github.com/Lesnoi3283/url_shortener/pkg/databases/postgresql.go:118.27,120.17 2 0
github.com/Lesnoi3283/url_shortener/pkg/databases/postgresql.go:120.17,122.4 1 0
github.com/Lesnoi3283/url_shortener/pkg/databases/postgresql.go:125.2,126.16 2 0
github.com/Lesnoi3283/url_shortener/pkg/databases/postgresql.go:126.16,128.3 1 0
github.com/Lesnoi3283/url_shortener/pkg/databases/postgresql.go:130.2,130.12 1 0
github.com/Lesnoi3283/url_shortener/pkg/databases/postgresql.go:134.102,136.16 2 0
github.com/Lesnoi3283/url_shortener/pkg/databases/postgresql.go:136.16,138.3 1 0
github.com/Lesnoi3283/url_shortener/pkg/databases/postgresql.go:139.2,141.27 2 0
github.com/Lesnoi3283/url_shortener/pkg/databases/postgresql.go:141.27,143.17 2 0
github.com/Lesnoi3283/url_shortener/pkg/databases/postgresql.go:143.17,146.4 2 0
github.com/Lesnoi3283/url_shortener/pkg/databases/postgresql.go:149.2,150.16 2 0
github.com/Lesnoi3283/url_shortener/pkg/databases/postgresql.go:150.16,152.3 1 0
github.com/Lesnoi3283/url_shortener/pkg/databases/postgresql.go:154.2,154.12 1 0
github.com/Lesnoi3283/url_shortener/pkg/databases/postgresql.go:158.90,160.16 2 0
github.com/Lesnoi3283/url_shortener/pkg/databases/postgresql.go:160.16,162.3 1 0
github.com/Lesnoi3283/url_shortener/pkg/databases/postgresql.go:164.2,166.12 2 0
github.com/Lesnoi3283/url_shortener/pkg/databases/postgresql.go:166.12,167.29 1 0
github.com/Lesnoi3283/url_shortener/pkg/databases/postgresql.go:167.29,169.23 2 0
github.com/Lesnoi3283/url_shortener/pkg/databases/postgresql.go:169.23,172.5 2 0
github.com/Lesnoi3283/url_shortener/pkg/databases/postgresql.go:174.3,174.47 1 0
github.com/Lesnoi3283/url_shortener/pkg/databases/postgresql.go:174.47,177.4 2 0
github.com/Lesnoi3283/url_shortener/pkg/databases/postgresql.go:180.2,181.22 2 0
github.com/Lesnoi3283/url_shortener/pkg/databases/postgresql.go:185.86,193.16 5 0
github.com/Lesnoi3283/url_shortener/pkg/databases/postgresql.go:193.16,195.3 1 0
github.com/Lesnoi3283/url_shortener/pkg/databases/postgresql.go:196.2,196.15 1 0
github.com/Lesnoi3283/url_shortener/pkg/databases/postgresql.go:196.15,198.3 1 0
github.com/Lesnoi3283/url_shortener/pkg/databases/postgresql.go:199.2,199.18 1 0
github.com/Lesnoi3283/url_shortener/pkg/databases/postgresql.go:203.91,209.16 4 0
github.com/Lesnoi3283/url_shortener/pkg/databases/postgresql.go:209.16,211.3 1 0
github.com/Lesnoi3283/url_shortener/pkg/databases/postgresql.go:212.2,214.18 2 0
github.com/Lesnoi3283/url_shortener/pkg/databases/postgresql.go:214.18,216.58 2 0
github.com/Lesnoi3283/url_shortener/pkg/databases/postgresql.go:216.58,218.4 1 0
github.com/Lesnoi3283/url_shortener/pkg/databases/postgresql.go:219.3,219.27 1 0
github.com/Lesnoi3283/url_shortener/pkg/databases/postgresql.go:222.2,222.35 1 0
github.com/Lesnoi3283/url_shortener/pkg/databases/postgresql.go:222.35,224.3 1 0
github.com/Lesnoi3283/url_shortener/pkg/databases/postgresql.go:226.2,226.18 1 0
github.com/Lesnoi3283/url_shortener/pkg/databases/postgresql.go:230.35,232.2 1 0
github.com/Lesnoi3283/url_shortener/pkg/databases/postgresql.go:235.36,237.2 1 0
github.com/Lesnoi3283/url_shortener/pkg/databases/postgresql.go:240.67,246.16 4 0
github.com/Lesnoi3283/url_shortener/pkg/databases/postgresql.go:246.16,248.3 1 0
github.com/Lesnoi3283/url_shortener/pkg/databases/postgresql.go:250.2,250.20 1 0
github.com/Lesnoi3283/url_shortener/config/shortener_config.go:30.30,44.70 12 0
github.com/Lesnoi3283/url_shortener/config/shortener_config.go:44.70,46.3 1 0
github.com/Lesnoi3283/url_shortener/config/shortener_config.go:47.2,47.64 1 0
github.com/Lesnoi3283/url_shortener/config/shortener_config.go:47.64,49.3 1 0
github.com/Lesnoi3283/url_shortener/config/shortener_config.go:50.2,50.55 1 0
github.com/Lesnoi3283/url_shortener/config/shortener_config.go:50.55,52.3 1 0
github.com/Lesnoi3283/url_shortener/config/shortener_config.go:53.2,53.29 1 0
github.com/Lesnoi3283/url_shortener/config/shortener_config.go:53.29,55.3 1 0
github.com/Lesnoi3283/url_shortener/config/shortener_config.go:56.2,56.26 1 0
github.com/Lesnoi3283/url_shortener/config/shortener_config.go:56.26,58.3 1 0
github.com/Lesnoi3283/url_shortener/internal/app/handlers/delete_urls_handler.go:22.83,29.16 4 1
github.com/Lesnoi3283/url_shortener/internal/app/handlers/delete_urls_handler.go:29.16,34.3 3 1
github.com/Lesnoi3283/url_shortener/internal/app/handlers/delete_urls_handler.go:36.2,38.37 3 1
github.com/Lesnoi3283/url_shortener/internal/app/handlers/delete_urls_handler.go:38.37,43.3 3 1
github.com/Lesnoi3283/url_shortener/internal/app/handlers/delete_urls_handler.go:45.2,46.16 2 1
github.com/Lesnoi3283/url_shortener/internal/app/handlers/delete_urls_handler.go:46.16,50.3 3 0
github.com/Lesnoi3283/url_shortener/internal/app/handlers/delete_urls_handler.go:52.2,52.12 1 1
github.com/Lesnoi3283/url_shortener/internal/app/handlers/delete_urls_handler.go:52.12,54.33 2 1
github.com/Lesnoi3283/url_shortener/internal/app/handlers/delete_urls_handler.go:54.33,56.4 1 1
github.com/Lesnoi3283/url_shortener/internal/app/handlers/delete_urls_handler.go:59.2,60.38 2 1
github.com/Lesnoi3283/url_shortener/internal/app/handlers/ping_db_handler.go:16.75,18.16 2 1
github.com/Lesnoi3283/url_shortener/internal/app/handlers/ping_db_handler.go:18.16,23.3 2 1
github.com/Lesnoi3283/url_shortener/internal/app/handlers/ping_db_handler.go:23.8,26.3 2 1
github.com/Lesnoi3283/url_shortener/internal/app/handlers/router_builders.go:11.100,61.2 19 1
github.com/Lesnoi3283/url_shortener/internal/app/handlers/shortenFunc.go:9.36,14.21 4 1
github.com/Lesnoi3283/url_shortener/internal/app/handlers/shortenFunc.go:14.21,16.3 1 1
github.com/Lesnoi3283/url_shortener/internal/app/handlers/shortenFunc.go:17.2,17.33 1 1
github.com/Lesnoi3283/url_shortener/internal/app/handlers/shorten_batch_handler.go:24.85,28.16 3 1
github.com/Lesnoi3283/url_shortener/internal/app/handlers/shorten_batch_handler.go:28.16,32.3 3 0
github.com/Lesnoi3283/url_shortener/internal/app/handlers/shorten_batch_handler.go:34.2,43.16 4 1
github.com/Lesnoi3283/url_shortener/internal/app/handlers/shorten_batch_handler.go:43.16,47.3 3 1
github.com/Lesnoi3283/url_shortener/internal/app/handlers/shorten_batch_handler.go:54.2,57.30 2 1
github.com/Lesnoi3283/url_shortener/internal/app/handlers/shorten_batch_handler.go:57.30,75.3 4 1
github.com/Lesnoi3283/url_shortener/internal/app/handlers/shorten_batch_handler.go:78.2,80.40 3 1
github.com/Lesnoi3283/url_shortener/internal/app/handlers/shorten_batch_handler.go:80.40,82.3 1 1
github.com/Lesnoi3283/url_shortener/internal/app/handlers/shorten_batch_handler.go:82.8,84.3 1 0
github.com/Lesnoi3283/url_shortener/internal/app/handlers/shorten_batch_handler.go:85.2,85.16 1 1
github.com/Lesnoi3283/url_shortener/internal/app/handlers/shorten_batch_handler.go:85.16,89.3 3 0
github.com/Lesnoi3283/url_shortener/internal/app/handlers/shorten_batch_handler.go:92.2,93.16 2 1
github.com/Lesnoi3283/url_shortener/internal/app/handlers/shorten_batch_handler.go:93.16,96.3 2 0
github.com/Lesnoi3283/url_shortener/internal/app/handlers/shorten_batch_handler.go:97.2,99.25 3 1
github.com/Lesnoi3283/url_shortener/internal/app/handlers/shorten_handler.go:25.80,32.16 4 1
github.com/Lesnoi3283/url_shortener/internal/app/handlers/shorten_handler.go:32.16,36.3 3 0
github.com/Lesnoi3283/url_shortener/internal/app/handlers/shorten_handler.go:39.2,44.16 3 1
github.com/Lesnoi3283/url_shortener/internal/app/handlers/shorten_handler.go:44.16,48.3 3 0
github.com/Lesnoi3283/url_shortener/internal/app/handlers/shorten_handler.go:55.2,60.40 4 1
github.com/Lesnoi3283/url_shortener/internal/app/handlers/shorten_handler.go:60.40,65.3 1 1
github.com/Lesnoi3283/url_shortener/internal/app/handlers/shorten_handler.go:65.8,70.3 1 1
github.com/Lesnoi3283/url_shortener/internal/app/handlers/shorten_handler.go:71.2,72.31 2 1
github.com/Lesnoi3283/url_shortener/internal/app/handlers/shorten_handler.go:72.31,75.3 2 0
github.com/Lesnoi3283/url_shortener/internal/app/handlers/shorten_handler.go:75.8,75.23 1 1
github.com/Lesnoi3283/url_shortener/internal/app/handlers/shorten_handler.go:75.23,79.3 3 0
github.com/Lesnoi3283/url_shortener/internal/app/handlers/shorten_handler.go:82.2,89.16 3 1
github.com/Lesnoi3283/url_shortener/internal/app/handlers/shorten_handler.go:89.16,93.3 3 0
github.com/Lesnoi3283/url_shortener/internal/app/handlers/shorten_handler.go:94.2,96.25 3 1
github.com/Lesnoi3283/url_shortener/internal/app/handlers/url_shortener_handler.go:38.89,44.50 3 1
github.com/Lesnoi3283/url_shortener/internal/app/handlers/url_shortener_handler.go:44.50,47.3 2 0
github.com/Lesnoi3283/url_shortener/internal/app/handlers/url_shortener_handler.go:48.2,48.16 1 1
github.com/Lesnoi3283/url_shortener/internal/app/handlers/url_shortener_handler.go:48.16,52.3 3 1
github.com/Lesnoi3283/url_shortener/internal/app/handlers/url_shortener_handler.go:55.2,56.47 2 1
github.com/Lesnoi3283/url_shortener/internal/app/handlers/url_shortener_handler.go:66.85,72.16 3 1
github.com/Lesnoi3283/url_shortener/internal/app/handlers/url_shortener_handler.go:72.16,76.3 3 0
github.com/Lesnoi3283/url_shortener/internal/app/handlers/url_shortener_handler.go:82.2,88.40 5 1
github.com/Lesnoi3283/url_shortener/internal/app/handlers/url_shortener_handler.go:88.40,93.3 1 1
github.com/Lesnoi3283/url_shortener/internal/app/handlers/url_shortener_handler.go:93.8,98.3 1 0
github.com/Lesnoi3283/url_shortener/internal/app/handlers/url_shortener_handler.go:100.2,100.16 1 1
github.com/Lesnoi3283/url_shortener/internal/app/handlers/url_shortener_handler.go:100.16,102.32 2 0
github.com/Lesnoi3283/url_shortener/internal/app/handlers/url_shortener_handler.go:102.32,105.4 2 0
github.com/Lesnoi3283/url_shortener/internal/app/handlers/url_shortener_handler.go:105.9,110.4 4 0
github.com/Lesnoi3283/url_shortener/internal/app/handlers/url_shortener_handler.go:114.2,116.56 3 1
github.com/Lesnoi3283/url_shortener/internal/app/handlers/user_urls_handler.go:26.81,29.16 2 1
github.com/Lesnoi3283/url_shortener/internal/app/handlers/user_urls_handler.go:29.16,33.3 3 1
github.com/Lesnoi3283/url_shortener/internal/app/handlers/user_urls_handler.go:36.2,38.18 3 1
github.com/Lesnoi3283/url_shortener/internal/app/handlers/user_urls_handler.go:38.18,43.3 3 1
github.com/Lesnoi3283/url_shortener/internal/app/handlers/user_urls_handler.go:45.2,47.16 3 1
github.com/Lesnoi3283/url_shortener/internal/app/handlers/user_urls_handler.go:47.16,51.3 3 1
github.com/Lesnoi3283/url_shortener/internal/app/handlers/user_urls_handler.go:51.8,51.33 1 1
github.com/Lesnoi3283/url_shortener/internal/app/handlers/user_urls_handler.go:51.33,54.3 2 1
github.com/Lesnoi3283/url_shortener/internal/app/handlers/user_urls_handler.go:55.2,55.32 1 1
github.com/Lesnoi3283/url_shortener/internal/app/handlers/user_urls_handler.go:55.32,60.3 1 1
github.com/Lesnoi3283/url_shortener/internal/app/handlers/user_urls_handler.go:62.2,63.16 2 1
github.com/Lesnoi3283/url_shortener/internal/app/handlers/user_urls_handler.go:63.16,67.3 3 0
github.com/Lesnoi3283/url_shortener/internal/app/handlers/user_urls_handler.go:69.2,71.21 3 1
github.com/Lesnoi3283/url_shortener/internal/app/handlers/mocks/mock_DBInterface.go:27.83,31.2 3 1
github.com/Lesnoi3283/url_shortener/internal/app/handlers/mocks/mock_DBInterface.go:34.81,36.2 1 1
github.com/Lesnoi3283/url_shortener/internal/app/handlers/mocks/mock_DBInterface.go:39.80,45.2 5 0
github.com/Lesnoi3283/url_shortener/internal/app/handlers/mocks/mock_DBInterface.go:48.89,51.2 2 0
github.com/Lesnoi3283/url_shortener/internal/app/handlers/mocks/mock_DBInterface.go:54.90,60.2 5 1
github.com/Lesnoi3283/url_shortener/internal/app/handlers/mocks/mock_DBInterface.go:63.103,66.2 2 1
github.com/Lesnoi3283/url_shortener/internal/app/handlers/mocks/mock_DBInterface.go:69.90,75.2 5 0
github.com/Lesnoi3283/url_shortener/internal/app/handlers/mocks/mock_DBInterface.go:78.89,81.2 2 0
github.com/Lesnoi3283/url_shortener/internal/app/handlers/mocks/mock_DBInterface.go:84.104,90.2 5 1
github.com/Lesnoi3283/url_shortener/internal/app/handlers/mocks/mock_DBInterface.go:93.98,96.2 2 1
github.com/Lesnoi3283/url_shortener/internal/app/handlers/mocks/mock_DBInterface.go:99.48,104.2 4 1
github.com/Lesnoi3283/url_shortener/internal/app/handlers/mocks/mock_DBInterface.go:107.68,110.2 2 1
github.com/Lesnoi3283/url_shortener/internal/app/handlers/mocks/mock_DBInterface.go:113.85,118.2 4 0
github.com/Lesnoi3283/url_shortener/internal/app/handlers/mocks/mock_DBInterface.go:121.88,124.2 2 0
github.com/Lesnoi3283/url_shortener/internal/app/handlers/mocks/mock_DBInterface.go:127.93,132.2 4 0
github.com/Lesnoi3283/url_shortener/internal/app/handlers/mocks/mock_DBInterface.go:135.94,138.2 2 0
github.com/Lesnoi3283/url_shortener/internal/app/handlers/mocks/mock_DBInterface.go:141.115,146.2 4 0
github.com/Lesnoi3283/url_shortener/internal/app/handlers/mocks/mock_DBInterface.go:149.112,152.2 2 0
github.com/Lesnoi3283/url_shortener/internal/app/handlers/mocks/mock_DBInterface.go:155.107,160.2 4 0
github.com/Lesnoi3283/url_shortener/internal/app/handlers/mocks/mock_DBInterface.go:163.106,166.2 2 0
github.com/Lesnoi3283/url_shortener/pkg/databases/JSON_file_storage.go:34.55,37.2 2 0
github.com/Lesnoi3283/url_shortener/pkg/databases/JSON_file_storage.go:40.77,46.16 4 0
github.com/Lesnoi3283/url_shortener/pkg/databases/JSON_file_storage.go:46.16,48.3 1 0
github.com/Lesnoi3283/url_shortener/pkg/databases/JSON_file_storage.go:49.2,54.19 3 0
github.com/Lesnoi3283/url_shortener/pkg/databases/JSON_file_storage.go:54.19,56.22 2 0
github.com/Lesnoi3283/url_shortener/pkg/databases/JSON_file_storage.go:56.22,58.4 1 0
github.com/Lesnoi3283/url_shortener/pkg/databases/JSON_file_storage.go:59.3,59.21 1 0
github.com/Lesnoi3283/url_shortener/pkg/databases/JSON_file_storage.go:59.21,62.18 3 0
github.com/Lesnoi3283/url_shortener/pkg/databases/JSON_file_storage.go:62.18,64.5 1 0
github.com/Lesnoi3283/url_shortener/pkg/databases/JSON_file_storage.go:65.4,65.26 1 0
github.com/Lesnoi3283/url_shortener/pkg/databases/JSON_file_storage.go:69.2,77.16 4 0
github.com/Lesnoi3283/url_shortener/pkg/databases/JSON_file_storage.go:77.16,79.3 1 0
github.com/Lesnoi3283/url_shortener/pkg/databases/JSON_file_storage.go:81.2,83.16 3 0
github.com/Lesnoi3283/url_shortener/pkg/databases/JSON_file_storage.go:83.16,85.3 1 0
github.com/Lesnoi3283/url_shortener/pkg/databases/JSON_file_storage.go:86.2,88.12 2 0
github.com/Lesnoi3283/url_shortener/pkg/databases/JSON_file_storage.go:92.99,98.16 4 0
github.com/Lesnoi3283/url_shortener/pkg/databases/JSON_file_storage.go:98.16,100.3 1 0
github.com/Lesnoi3283/url_shortener/pkg/databases/JSON_file_storage.go:101.2,106.19 3 0
github.com/Lesnoi3283/url_shortener/pkg/databases/JSON_file_storage.go:106.19,108.22 2 0
github.com/Lesnoi3283/url_shortener/pkg/databases/JSON_file_storage.go:108.22,110.4 1 0
github.com/Lesnoi3283/url_shortener/pkg/databases/JSON_file_storage.go:111.3,111.21 1 0
github.com/Lesnoi3283/url_shortener/pkg/databases/JSON_file_storage.go:111.21,114.18 3 0
github.com/Lesnoi3283/url_shortener/pkg/databases/JSON_file_storage.go:114.18,116.5 1 0
github.com/Lesnoi3283/url_shortener/pkg/databases/JSON_file_storage.go:117.4,117.26 1 0
github.com/Lesnoi3283/url_shortener/pkg/databases/JSON_file_storage.go:121.2,130.16 4 0
github.com/Lesnoi3283/url_shortener/pkg/databases/JSON_file_storage.go:130.16,132.3 1 0
github.com/Lesnoi3283/url_shortener/pkg/databases/JSON_file_storage.go:134.2,136.16 3 0
github.com/Lesnoi3283/url_shortener/pkg/databases/JSON_file_storage.go:136.16,138.3 1 0
github.com/Lesnoi3283/url_shortener/pkg/databases/JSON_file_storage.go:139.2,141.12 2 0
github.com/Lesnoi3283/url_shortener/pkg/databases/JSON_file_storage.go:145.85,151.16 4 0
github.com/Lesnoi3283/url_shortener/pkg/databases/JSON_file_storage.go:151.16,153.3 1 0
github.com/Lesnoi3283/url_shortener/pkg/databases/JSON_file_storage.go:154.2,159.19 3 0
github.com/Lesnoi3283/url_shortener/pkg/databases/JSON_file_storage.go:159.19,161.22 2 0
github.com/Lesnoi3283/url_shortener/pkg/databases/JSON_file_storage.go:161.22,163.4 1 0
github.com/Lesnoi3283/url_shortener/pkg/databases/JSON_file_storage.go:164.3,164.21 1 0
github.com/Lesnoi3283/url_shortener/pkg/databases/JSON_file_storage.go:164.21,167.18 3 0
github.com/Lesnoi3283/url_shortener/pkg/databases/JSON_file_storage.go:167.18,169.5 1 0
github.com/Lesnoi3283/url_shortener/pkg/databases/JSON_file_storage.go:170.4,170.26 1 0
github.com/Lesnoi3283/url_shortener/pkg/databases/JSON_file_storage.go:175.2,176.27 2 0
github.com/Lesnoi3283/url_shortener/pkg/databases/JSON_file_storage.go:176.27,185.17 4 0
github.com/Lesnoi3283/url_shortener/pkg/databases/JSON_file_storage.go:185.17,187.4 1 0
github.com/Lesnoi3283/url_shortener/pkg/databases/JSON_file_storage.go:189.3,192.17 3 0
github.com/Lesnoi3283/url_shortener/pkg/databases/JSON_file_storage.go:192.17,194.4 1 0
github.com/Lesnoi3283/url_shortener/pkg/databases/JSON_file_storage.go:197.2,199.12 2 0
github.com/Lesnoi3283/url_shortener/pkg/databases/JSON_file_storage.go:203.107,209.16 4 0
github.com/Lesnoi3283/url_shortener/pkg/databases/JSON_file_storage.go:209.16,211.3 1 0
github.com/Lesnoi3283/url_shortener/pkg/databases/JSON_file_storage.go:212.2,217.19 3 0
github.com/Lesnoi3283/url_shortener/pkg/databases/JSON_file_storage.go:217.19,219.22 2 0
github.com/Lesnoi3283/url_shortener/pkg/databases/JSON_file_storage.go:219.22,221.4 1 0
github.com/Lesnoi3283/url_shortener/pkg/databases/JSON_file_storage.go:222.3,222.21 1 0
github.com/Lesnoi3283/url_shortener/pkg/databases/JSON_file_storage.go:222.21,225.18 3 0
github.com/Lesnoi3283/url_shortener/pkg/databases/JSON_file_storage.go:225.18,227.5 1 0
github.com/Lesnoi3283/url_shortener/pkg/databases/JSON_file_storage.go:228.4,228.26 1 0
github.com/Lesnoi3283/url_shortener/pkg/databases/JSON_file_storage.go:233.2,234.27 2 0
github.com/Lesnoi3283/url_shortener/pkg/databases/JSON_file_storage.go:234.27,244.17 4 0
github.com/Lesnoi3283/url_shortener/pkg/databases/JSON_file_storage.go:244.17,246.4 1 0
github.com/Lesnoi3283/url_shortener/pkg/databases/JSON_file_storage.go:248.3,251.17 3 0
github.com/Lesnoi3283/url_shortener/pkg/databases/JSON_file_storage.go:251.17,253.4 1 0
github.com/Lesnoi3283/url_shortener/pkg/databases/JSON_file_storage.go:256.2,258.12 2 0
github.com/Lesnoi3283/url_shortener/pkg/databases/JSON_file_storage.go:262.95,265.2 2 0
github.com/Lesnoi3283/url_shortener/pkg/databases/JSON_file_storage.go:268.105,273.16 4 0
github.com/Lesnoi3283/url_shortener/pkg/databases/JSON_file_storage.go:273.16,275.3 1 0
github.com/Lesnoi3283/url_shortener/pkg/databases/JSON_file_storage.go:276.2,282.21 5 0
github.com/Lesnoi3283/url_shortener/pkg/databases/JSON_file_storage.go:282.21,286.17 4 0
github.com/Lesnoi3283/url_shortener/pkg/databases/JSON_file_storage.go:286.17,288.4 1 0
github.com/Lesnoi3283/url_shortener/pkg/databases/JSON_file_storage.go:290.3,290.32 1 0
github.com/Lesnoi3283/url_shortener/pkg/databases/JSON_file_storage.go:290.32,292.4 1 0
github.com/Lesnoi3283/url_shortener/pkg/databases/JSON_file_storage.go:295.2,295.18 1 0
github.com/Lesnoi3283/url_shortener/pkg/databases/JSON_file_storage.go:299.80,304.16 4 0
github.com/Lesnoi3283/url_shortener/pkg/databases/JSON_file_storage.go:304.16,306.3 1 0
github.com/Lesnoi3283/url_shortener/pkg/databases/JSON_file_storage.go:307.2,312.21 4 0
github.com/Lesnoi3283/url_shortener/pkg/databases/JSON_file_storage.go:312.21,316.17 4 0
github.com/Lesnoi3283/url_shortener/pkg/databases/JSON_file_storage.go:316.17,318.4 1 0
github.com/Lesnoi3283/url_shortener/pkg/databases/JSON_file_storage.go:320.3,320.26 1 0
github.com/Lesnoi3283/url_shortener/pkg/databases/JSON_file_storage.go:320.26,322.4 1 0
github.com/Lesnoi3283/url_shortener/pkg/databases/JSON_file_storage.go:325.2,326.16 2 0
github.com/Lesnoi3283/url_shortener/pkg/databases/JSON_file_storage.go:330.40,332.2 1 0
github.com/Lesnoi3283/url_shortener/pkg/databases/JSON_file_storage.go:336.72,345.2 7 0
github.com/Lesnoi3283/url_shortener/pkg/databases/errors.go:16.45,18.2 1 0
github.com/Lesnoi3283/url_shortener/pkg/databases/errors.go:21.65,23.2 1 0
github.com/Lesnoi3283/url_shortener/pkg/databases/errors.go:26.52,29.2 2 0
github.com/Lesnoi3283/url_shortener/pkg/databases/errors.go:34.31,36.2 1 1
github.com/Lesnoi3283/url_shortener/pkg/databases/errors.go:41.40,43.2 1 0
github.com/Lesnoi3283/url_shortener/pkg/databases/just_a_map.go:22.30,25.2 2 1
github.com/Lesnoi3283/url_shortener/pkg/databases/just_a_map.go:28.92,34.2 5 1
github.com/Lesnoi3283/url_shortener/pkg/databases/just_a_map.go:37.100,38.26 1 1
github.com/Lesnoi3283/url_shortener/pkg/databases/just_a_map.go:38.26,40.17 2 1
github.com/Lesnoi3283/url_shortener/pkg/databases/just_a_map.go:40.17,42.4 1 0
github.com/Lesnoi3283/url_shortener/pkg/databases/just_a_map.go:44.2,44.12 1 1
github.com/Lesnoi3283/url_shortener/pkg/databases/just_a_map.go:48.88,51.2 2 0
github.com/Lesnoi3283/url_shortener/pkg/databases/just_a_map.go:54.89,59.35 4 0
github.com/Lesnoi3283/url_shortener/pkg/databases/just_a_map.go:59.35,61.36 2 0
github.com/Lesnoi3283/url_shortener/pkg/databases/just_a_map.go:61.36,63.4 1 0
github.com/Lesnoi3283/url_shortener/pkg/databases/just_a_map.go:66.2,66.19 1 0
github.com/Lesnoi3283/url_shortener/pkg/databases/just_a_map.go:70.33,72.2 1 0
github.com/Lesnoi3283/url_shortener/pkg/databases/just_a_map.go:76.65,85.2 7 1
github.com/Lesnoi3283/url_shortener/pkg/databases/just_a_map.go:88.70,93.2 4 1
github.com/Lesnoi3283/url_shortener/pkg/databases/just_a_map.go:96.78,97.27 1 0
github.com/Lesnoi3283/url_shortener/pkg/databases/just_a_map.go:97.27,99.17 2 0
github.com/Lesnoi3283/url_shortener/pkg/databases/just_a_map.go:99.17,101.4 1 0
github.com/Lesnoi3283/url_shortener/pkg/databases/just_a_map.go:103.2,103.12 1 0
github.com/Lesnoi3283/url_shortener/pkg/databases/just_a_map.go:107.83,111.9 4 1
github.com/Lesnoi3283/url_shortener/pkg/databases/just_a_map.go:111.9,113.3 1 1
github.com/Lesnoi3283/url_shortener/pkg/databases/just_a_map.go:114.2,114.19 1 1
github.com/Lesnoi3283/url_shortener/pkg/databases/postgresql.go:18.57,20.16 2 0
github.com/Lesnoi3283/url_shortener/pkg/databases/postgresql.go:20.16,22.3 1 0
github.com/Lesnoi3283/url_shortener/pkg/databases/postgresql.go:24.2,38.16 3 0
github.com/Lesnoi3283/url_shortener/pkg/databases/postgresql.go:38.16,40.3 1 0
github.com/Lesnoi3283/url_shortener/pkg/databases/postgresql.go:42.2,46.16 2 0
github.com/Lesnoi3283/url_shortener/pkg/databases/postgresql.go:46.16,48.3 1 0
github.com/Lesnoi3283/url_shortener/pkg/databases/postgresql.go:50.2,50.19 1 0
github.com/Lesnoi3283/url_shortener/pkg/databases/postgresql.go:54.72,58.16 3 0
github.com/Lesnoi3283/url_shortener/pkg/databases/postgresql.go:58.16,60.3 1 0
github.com/Lesnoi3283/url_shortener/pkg/databases/postgresql.go:62.2,63.16 2 0
github.com/Lesnoi3283/url_shortener/pkg/databases/postgresql.go:63.16,65.3 1 0
github.com/Lesnoi3283/url_shortener/pkg/databases/postgresql.go:66.2,66.23 1 0
github.com/Lesnoi3283/url_shortener/pkg/databases/postgresql.go:66.23,73.17 5 0
github.com/Lesnoi3283/url_shortener/pkg/databases/postgresql.go:73.17,75.4 1 0
github.com/Lesnoi3283/url_shortener/pkg/databases/postgresql.go:76.3,76.41 1 0
github.com/Lesnoi3283/url_shortener/pkg/databases/postgresql.go:79.2,79.12 1 0
github.com/Lesnoi3283/url_shortener/pkg/databases/postgresql.go:83.94,87.16 3 0
github.com/Lesnoi3283/url_shortener/pkg/databases/postgresql.go:87.16,89.3 1 0
github.com/Lesnoi3283/url_shortener/pkg/databases/postgresql.go:91.2,92.16 2 0
github.com/Lesnoi3283/url_shortener/pkg/databases/postgresql.go:92.16,94.3 1 0
github.com/Lesnoi3283/url_shortener/pkg/databases/postgresql.go:95.2,95.23 1 0
github.com/Lesnoi3283/url_shortener/pkg/databases/postgresql.go:95.23,101.17 5 0
github.com/Lesnoi3283/url_shortener/pkg/databases/postgresql.go:101.17,103.4 1 0
github.com/Lesnoi3283/url_shortener/pkg/databases/postgresql.go:104.3,104.41 1 0
github.com/Lesnoi3283/url_shortener/pkg/databases/postgresql.go:107.2,107.12 1 0
github.com/Lesnoi3283/url_shortener/pkg/databases/postgresql.go:111.80,113.16 2 0
github.com/Lesnoi3283/url_shortener/pkg/databases/postgresql.go:113.16,115.3 1 0
github.com/Lesnoi3283/url_shortener/pkg/databases/postgresql.go:116.2,118.27 2 0
github.com/Lesnoi3283/url_shortener/pkg/databases/postgresql.go:118.27,120.17 2 0
github.com/Lesnoi3283/url_shortener/pkg/databases/postgresql.go:120.17,122.4 1 0
github.com/Lesnoi3283/url_shortener/pkg/databases/postgresql.go:125.2,126.16 2 0
github.com/Lesnoi3283/url_shortener/pkg/databases/postgresql.go:126.16,128.3 1 0
github.com/Lesnoi3283/url_shortener/pkg/databases/postgresql.go:130.2,130.12 1 0
github.com/Lesnoi3283/url_shortener/pkg/databases/postgresql.go:134.102,136.16 2 0
github.com/Lesnoi3283/url_shortener/pkg/databases/postgresql.go:136.16,138.3 1 0
github.com/Lesnoi3283/url_shortener/pkg/databases/postgresql.go:139.2,141.27 2 0
github.com/Lesnoi3283/url_shortener/pkg/databases/postgresql.go:141.27,143.17 2 0
github.com/Lesnoi3283/url_shortener/pkg/databases/postgresql.go:143.17,146.4 2 0
github.com/Lesnoi3283/url_shortener/pkg/databases/postgresql.go:149.2,150.16 2 0
github.com/Lesnoi3283/url_shortener/pkg/databases/postgresql.go:150.16,152.3 1 0
github.com/Lesnoi3283/url_shortener/pkg/databases/postgresql.go:154.2,154.12 1 0
github.com/Lesnoi3283/url_shortener/pkg/databases/postgresql.go:158.90,160.16 2 0
github.com/Lesnoi3283/url_shortener/pkg/databases/postgresql.go:160.16,162.3 1 0
github.com/Lesnoi3283/url_shortener/pkg/databases/postgresql.go:164.2,166.12 2 0
github.com/Lesnoi3283/url_shortener/pkg/databases/postgresql.go:166.12,167.29 1 0
github.com/Lesnoi3283/url_shortener/pkg/databases/postgresql.go:167.29,169.23 2 0
github.com/Lesnoi3283/url_shortener/pkg/databases/postgresql.go:169.23,172.5 2 0
github.com/Lesnoi3283/url_shortener/pkg/databases/postgresql.go:174.3,174.47 1 0
github.com/Lesnoi3283/url_shortener/pkg/databases/postgresql.go:174.47,177.4 2 0
github.com/Lesnoi3283/url_shortener/pkg/databases/postgresql.go:180.2,181.22 2 0
github.com/Lesnoi3283/url_shortener/pkg/databases/postgresql.go:185.86,193.16 5 0
github.com/Lesnoi3283/url_shortener/pkg/databases/postgresql.go:193.16,195.3 1 0
github.com/Lesnoi3283/url_shortener/pkg/databases/postgresql.go:196.2,196.15 1 0
github.com/Lesnoi3283/url_shortener/pkg/databases/postgresql.go:196.15,198.3 1 0
github.com/Lesnoi3283/url_shortener/pkg/databases/postgresql.go:199.2,199.18 1 0
github.com/Lesnoi3283/url_shortener/pkg/databases/postgresql.go:203.91,209.16 4 0
github.com/Lesnoi3283/url_shortener/pkg/databases/postgresql.go:209.16,211.3 1 0
github.com/Lesnoi3283/url_shortener/pkg/databases/postgresql.go:212.2,214.18 2 0
github.com/Lesnoi3283/url_shortener/pkg/databases/postgresql.go:214.18,216.58 2 0
github.com/Lesnoi3283/url_shortener/pkg/databases/postgresql.go:216.58,218.4 1 0
github.com/Lesnoi3283/url_shortener/pkg/databases/postgresql.go:219.3,219.27 1 0
github.com/Lesnoi3283/url_shortener/pkg/databases/postgresql.go:222.2,222.35 1 0
github.com/Lesnoi3283/url_shortener/pkg/databases/postgresql.go:222.35,224.3 1 0
github.com/Lesnoi3283/url_shortener/pkg/databases/postgresql.go:226.2,226.18 1 0
github.com/Lesnoi3283/url_shortener/pkg/databases/postgresql.go:230.35,232.2 1 0
github.com/Lesnoi3283/url_shortener/pkg/databases/postgresql.go:235.36,237.2 1 0
github.com/Lesnoi3283/url_shortener/pkg/databases/postgresql.go:240.67,246.16 4 0
github.com/Lesnoi3283/url_shortener/pkg/databases/postgresql.go:246.16,248.3 1 0
github.com/Lesnoi3283/url_shortener/pkg/databases/postgresql.go:250.2,250.20 1 0
github.com/Lesnoi3283/url_shortener/internal/app/middlewares/auth_mw.go:33.52,43.16 4 1
github.com/Lesnoi3283/url_shortener/internal/app/middlewares/auth_mw.go:43.16,45.3 1 0
github.com/Lesnoi3283/url_shortener/internal/app/middlewares/auth_mw.go:47.2,47.25 1 1
github.com/Lesnoi3283/url_shortener/internal/app/middlewares/auth_mw.go:51.40,54.43 2 1
github.com/Lesnoi3283/url_shortener/internal/app/middlewares/auth_mw.go:54.43,56.4 1 1
github.com/Lesnoi3283/url_shortener/internal/app/middlewares/auth_mw.go:57.2,57.16 1 1
github.com/Lesnoi3283/url_shortener/internal/app/middlewares/auth_mw.go:57.16,59.3 1 0
github.com/Lesnoi3283/url_shortener/internal/app/middlewares/auth_mw.go:61.2,61.18 1 1
github.com/Lesnoi3283/url_shortener/internal/app/middlewares/auth_mw.go:61.18,63.3 1 0
github.com/Lesnoi3283/url_shortener/internal/app/middlewares/auth_mw.go:65.2,65.22 1 1
github.com/Lesnoi3283/url_shortener/internal/app/middlewares/auth_mw.go:76.102,77.46 1 1
github.com/Lesnoi3283/url_shortener/internal/app/middlewares/auth_mw.go:77.46,78.72 1 1
github.com/Lesnoi3283/url_shortener/internal/app/middlewares/auth_mw.go:78.72,80.18 2 1
github.com/Lesnoi3283/url_shortener/internal/app/middlewares/auth_mw.go:80.18,82.21 2 1
github.com/Lesnoi3283/url_shortener/internal/app/middlewares/auth_mw.go:82.21,86.6 3 1
github.com/Lesnoi3283/url_shortener/internal/app/middlewares/auth_mw.go:89.4,90.18 2 1
github.com/Lesnoi3283/url_shortener/internal/app/middlewares/auth_mw.go:90.18,94.5 3 0
github.com/Lesnoi3283/url_shortener/internal/app/middlewares/auth_mw.go:96.4,97.18 2 1
github.com/Lesnoi3283/url_shortener/internal/app/middlewares/auth_mw.go:97.18,101.5 3 0
github.com/Lesnoi3283/url_shortener/internal/app/middlewares/auth_mw.go:103.4,109.41 3 1
github.com/Lesnoi3283/url_shortener/internal/app/middlewares/compression_mw.go:19.50,21.2 1 1
github.com/Lesnoi3283/url_shortener/internal/app/middlewares/compression_mw.go:24.83,25.46 1 1
github.com/Lesnoi3283/url_shortener/internal/app/middlewares/compression_mw.go:25.46,26.72 1 1
github.com/Lesnoi3283/url_shortener/internal/app/middlewares/compression_mw.go:26.72,28.26 2 1
github.com/Lesnoi3283/url_shortener/internal/app/middlewares/compression_mw.go:28.26,31.19 2 1
github.com/Lesnoi3283/url_shortener/internal/app/middlewares/compression_mw.go:31.19,35.6 3 0
github.com/Lesnoi3283/url_shortener/internal/app/middlewares/compression_mw.go:38.5,39.19 2 1
github.com/Lesnoi3283/url_shortener/internal/app/middlewares/compression_mw.go:39.19,43.6 3 0
github.com/Lesnoi3283/url_shortener/internal/app/middlewares/compression_mw.go:47.5,48.57 2 1
github.com/Lesnoi3283/url_shortener/internal/app/middlewares/compression_mw.go:50.10,50.29 1 1
github.com/Lesnoi3283/url_shortener/internal/app/middlewares/compression_mw.go:50.29,54.5 3 1
github.com/Lesnoi3283/url_shortener/internal/app/middlewares/compression_mw.go:57.4,57.58 1 1
github.com/Lesnoi3283/url_shortener/internal/app/middlewares/compression_mw.go:57.58,58.21 1 1
github.com/Lesnoi3283/url_shortener/internal/app/middlewares/compression_mw.go:58.21,60.20 2 1
github.com/Lesnoi3283/url_shortener/internal/app/middlewares/compression_mw.go:60.20,64.7 3 0
github.com/Lesnoi3283/url_shortener/internal/app/middlewares/compression_mw.go:65.6,73.11 4 1
github.com/Lesnoi3283/url_shortener/internal/app/middlewares/compression_mw.go:78.4,78.24 1 1
github.com/Lesnoi3283/url_shortener/internal/app/middlewares/logger_mw.go:23.62,27.2 3 1
github.com/Lesnoi3283/url_shortener/internal/app/middlewares/logger_mw.go:30.61,33.2 2 1
github.com/Lesnoi3283/url_shortener/internal/app/middlewares/logger_mw.go:36.54,38.2 1 0
github.com/Lesnoi3283/url_shortener/internal/app/middlewares/logger_mw.go:42.78,43.46 1 1
github.com/Lesnoi3283/url_shortener/internal/app/middlewares/logger_mw.go:43.46,44.72 1 1
github.com/Lesnoi3283/url_shortener/internal/app/middlewares/logger_mw.go:44.72,58.4 6 1
github.com/Lesnoi3283/url_shortener/internal/app/middlewares/request_limiter_mw.go:15.35,17.2 1 1
github.com/Lesnoi3283/url_shortener/internal/app/middlewares/request_limiter_mw.go:37.76,39.2 1 1
github.com/Lesnoi3283/url_shortener/internal/app/middlewares/request_limiter_mw.go:42.38,46.25 3 1
github.com/Lesnoi3283/url_shortener/internal/app/middlewares/request_limiter_mw.go:46.25,48.3 1 1
github.com/Lesnoi3283/url_shortener/internal/app/middlewares/request_limiter_mw.go:48.8,48.26 1 1
github.com/Lesnoi3283/url_shortener/internal/app/middlewares/request_limiter_mw.go:48.26,57.3 4 1
github.com/Lesnoi3283/url_shortener/internal/app/middlewares/request_limiter_mw.go:57.8,65.3 4 0
github.com/Lesnoi3283/url_shortener/internal/app/middlewares/request_limiter_mw.go:69.48,73.19 3 1
github.com/Lesnoi3283/url_shortener/internal/app/middlewares/request_limiter_mw.go:73.19,74.45 1 1
github.com/Lesnoi3283/url_shortener/internal/app/middlewares/request_limiter_mw.go:74.45,77.21 3 1
github.com/Lesnoi3283/url_shortener/internal/app/middlewares/request_limiter_mw.go:77.21,78.10 1 1
github.com/Lesnoi3283/url_shortener/internal/app/middlewares/request_limiter_mw.go:82.2,83.16 2 1
github.com/Lesnoi3283/url_shortener/internal/app/middlewares/request_limiter_mw.go:87.111,88.46 1 1
github.com/Lesnoi3283/url_shortener/internal/app/middlewares/request_limiter_mw.go:88.46,89.72 1 1
github.com/Lesnoi3283/url_shortener/internal/app/middlewares/request_limiter_mw.go:89.72,92.68 2 1
github.com/Lesnoi3283/url_shortener/internal/app/middlewares/request_limiter_mw.go:92.68,96.5 3 1
github.com/Lesnoi3283/url_shortener/internal/app/middlewares/request_limiter_mw.go:98.4,98.24 1 1
github.com/Lesnoi3283/url_shortener/internal/app/middlewares/mocks/mocks_AuthMW.go:26.67,30.2 3 1
github.com/Lesnoi3283/url_shortener/internal/app/middlewares/mocks/mocks_AuthMW.go:33.65,35.2 1 1
github.com/Lesnoi3283/url_shortener/internal/app/middlewares/mocks/mocks_AuthMW.go:38.72,44.2 5 1
github.com/Lesnoi3283/url_shortener/internal/app/middlewares/mocks/mocks_AuthMW.go:47.81,50.2 2 1
