mode: set
github.com/Lesnoi3283/url_shortener/cmd/client/main.go:13.13,23.16 6 0
github.com/Lesnoi3283/url_shortener/cmd/client/main.go:23.16,24.13 1 0
github.com/Lesnoi3283/url_shortener/cmd/client/main.go:26.2,35.16 5 0
github.com/Lesnoi3283/url_shortener/cmd/client/main.go:35.16,36.13 1 0
github.com/Lesnoi3283/url_shortener/cmd/client/main.go:39.2,42.16 3 0
github.com/Lesnoi3283/url_shortener/cmd/client/main.go:42.16,43.13 1 0
github.com/Lesnoi3283/url_shortener/cmd/client/main.go:46.2,50.16 4 0
github.com/Lesnoi3283/url_shortener/cmd/client/main.go:50.16,51.13 1 0
github.com/Lesnoi3283/url_shortener/cmd/client/main.go:54.2,54.27 1 0
github.com/Lesnoi3283/url_shortener/config/shortener_config.go:22.32,36.70 12 0
github.com/Lesnoi3283/url_shortener/config/shortener_config.go:36.70,38.3 1 0
github.com/Lesnoi3283/url_shortener/config/shortener_config.go:39.2,39.64 1 0
github.com/Lesnoi3283/url_shortener/config/shortener_config.go:39.64,41.3 1 0
github.com/Lesnoi3283/url_shortener/config/shortener_config.go:42.2,42.55 1 0
github.com/Lesnoi3283/url_shortener/config/shortener_config.go:42.55,44.3 1 0
github.com/Lesnoi3283/url_shortener/config/shortener_config.go:45.2,45.29 1 0
github.com/Lesnoi3283/url_shortener/config/shortener_config.go:45.29,47.3 1 0
github.com/Lesnoi3283/url_shortener/config/shortener_config.go:48.2,48.26 1 0
github.com/Lesnoi3283/url_shortener/config/shortener_config.go:48.26,50.3 1 0
github.com/Lesnoi3283/url_shortener/cmd/shortener/main.go:12.13,19.29 4 0
github.com/Lesnoi3283/url_shortener/cmd/shortener/main.go:19.29,22.17 3 0
github.com/Lesnoi3283/url_shortener/cmd/shortener/main.go:22.17,24.4 1 0
github.com/Lesnoi3283/url_shortener/cmd/shortener/main.go:25.8,25.39 1 0
github.com/Lesnoi3283/url_shortener/cmd/shortener/main.go:25.39,27.3 1 0
github.com/Lesnoi3283/url_shortener/cmd/shortener/main.go:27.8,29.3 1 0
github.com/Lesnoi3283/url_shortener/cmd/shortener/main.go:32.2,33.16 2 0
github.com/Lesnoi3283/url_shortener/cmd/shortener/main.go:33.16,35.3 1 0
github.com/Lesnoi3283/url_shortener/cmd/shortener/main.go:38.2,42.16 5 0
github.com/Lesnoi3283/url_shortener/cmd/shortener/main.go:42.16,44.3 1 0
github.com/Lesnoi3283/url_shortener/cmd/shortener/main.go:45.2,49.55 3 0
github.com/Lesnoi3283/url_shortener/internal/app/middlewares/mocks/mocks_AuthMW.go:26.67,30.2 3 0
github.com/Lesnoi3283/url_shortener/internal/app/middlewares/mocks/mocks_AuthMW.go:33.65,35.2 1 0
github.com/Lesnoi3283/url_shortener/internal/app/middlewares/mocks/mocks_AuthMW.go:38.72,44.2 5 0
github.com/Lesnoi3283/url_shortener/internal/app/middlewares/mocks/mocks_AuthMW.go:47.81,50.2 2 0
github.com/Lesnoi3283/url_shortener/internal/app/handlers/mocks/mock_DBInterface.go:27.83,31.2 3 0
github.com/Lesnoi3283/url_shortener/internal/app/handlers/mocks/mock_DBInterface.go:34.81,36.2 1 0
github.com/Lesnoi3283/url_shortener/internal/app/handlers/mocks/mock_DBInterface.go:39.80,45.2 5 0
github.com/Lesnoi3283/url_shortener/internal/app/handlers/mocks/mock_DBInterface.go:48.89,51.2 2 0
github.com/Lesnoi3283/url_shortener/internal/app/handlers/mocks/mock_DBInterface.go:54.90,60.2 5 0
github.com/Lesnoi3283/url_shortener/internal/app/handlers/mocks/mock_DBInterface.go:63.103,66.2 2 0
github.com/Lesnoi3283/url_shortener/internal/app/handlers/mocks/mock_DBInterface.go:69.90,75.2 5 0
github.com/Lesnoi3283/url_shortener/internal/app/handlers/mocks/mock_DBInterface.go:78.89,81.2 2 0
github.com/Lesnoi3283/url_shortener/internal/app/handlers/mocks/mock_DBInterface.go:84.104,90.2 5 0
github.com/Lesnoi3283/url_shortener/internal/app/handlers/mocks/mock_DBInterface.go:93.98,96.2 2 0
github.com/Lesnoi3283/url_shortener/internal/app/handlers/mocks/mock_DBInterface.go:99.48,104.2 4 0
github.com/Lesnoi3283/url_shortener/internal/app/handlers/mocks/mock_DBInterface.go:107.68,110.2 2 0
github.com/Lesnoi3283/url_shortener/internal/app/handlers/mocks/mock_DBInterface.go:113.85,118.2 4 0
github.com/Lesnoi3283/url_shortener/internal/app/handlers/mocks/mock_DBInterface.go:121.88,124.2 2 0
github.com/Lesnoi3283/url_shortener/internal/app/handlers/mocks/mock_DBInterface.go:127.93,132.2 4 0
github.com/Lesnoi3283/url_shortener/internal/app/handlers/mocks/mock_DBInterface.go:135.94,138.2 2 0
github.com/Lesnoi3283/url_shortener/internal/app/handlers/mocks/mock_DBInterface.go:141.115,146.2 4 0
github.com/Lesnoi3283/url_shortener/internal/app/handlers/mocks/mock_DBInterface.go:149.112,152.2 2 0
github.com/Lesnoi3283/url_shortener/internal/app/handlers/mocks/mock_DBInterface.go:155.107,160.2 4 0
github.com/Lesnoi3283/url_shortener/internal/app/handlers/mocks/mock_DBInterface.go:163.106,166.2 2 0
github.com/Lesnoi3283/url_shortener/pkg/databases/JSON_file_storage.go:30.55,33.2 2 0
github.com/Lesnoi3283/url_shortener/pkg/databases/JSON_file_storage.go:35.77,41.16 4 0
github.com/Lesnoi3283/url_shortener/pkg/databases/JSON_file_storage.go:41.16,43.3 1 0
github.com/Lesnoi3283/url_shortener/pkg/databases/JSON_file_storage.go:44.2,49.19 3 0
github.com/Lesnoi3283/url_shortener/pkg/databases/JSON_file_storage.go:49.19,51.22 2 0
github.com/Lesnoi3283/url_shortener/pkg/databases/JSON_file_storage.go:51.22,53.4 1 0
github.com/Lesnoi3283/url_shortener/pkg/databases/JSON_file_storage.go:54.3,54.21 1 0
github.com/Lesnoi3283/url_shortener/pkg/databases/JSON_file_storage.go:54.21,57.18 3 0
github.com/Lesnoi3283/url_shortener/pkg/databases/JSON_file_storage.go:57.18,59.5 1 0
github.com/Lesnoi3283/url_shortener/pkg/databases/JSON_file_storage.go:60.4,60.26 1 0
github.com/Lesnoi3283/url_shortener/pkg/databases/JSON_file_storage.go:64.2,72.16 4 0
github.com/Lesnoi3283/url_shortener/pkg/databases/JSON_file_storage.go:72.16,74.3 1 0
github.com/Lesnoi3283/url_shortener/pkg/databases/JSON_file_storage.go:76.2,78.16 3 0
github.com/Lesnoi3283/url_shortener/pkg/databases/JSON_file_storage.go:78.16,80.3 1 0
github.com/Lesnoi3283/url_shortener/pkg/databases/JSON_file_storage.go:81.2,83.12 2 0
github.com/Lesnoi3283/url_shortener/pkg/databases/JSON_file_storage.go:86.99,92.16 4 0
github.com/Lesnoi3283/url_shortener/pkg/databases/JSON_file_storage.go:92.16,94.3 1 0
github.com/Lesnoi3283/url_shortener/pkg/databases/JSON_file_storage.go:95.2,100.19 3 0
github.com/Lesnoi3283/url_shortener/pkg/databases/JSON_file_storage.go:100.19,102.22 2 0
github.com/Lesnoi3283/url_shortener/pkg/databases/JSON_file_storage.go:102.22,104.4 1 0
github.com/Lesnoi3283/url_shortener/pkg/databases/JSON_file_storage.go:105.3,105.21 1 0
github.com/Lesnoi3283/url_shortener/pkg/databases/JSON_file_storage.go:105.21,108.18 3 0
github.com/Lesnoi3283/url_shortener/pkg/databases/JSON_file_storage.go:108.18,110.5 1 0
github.com/Lesnoi3283/url_shortener/pkg/databases/JSON_file_storage.go:111.4,111.26 1 0
github.com/Lesnoi3283/url_shortener/pkg/databases/JSON_file_storage.go:115.2,124.16 4 0
github.com/Lesnoi3283/url_shortener/pkg/databases/JSON_file_storage.go:124.16,126.3 1 0
github.com/Lesnoi3283/url_shortener/pkg/databases/JSON_file_storage.go:128.2,130.16 3 0
github.com/Lesnoi3283/url_shortener/pkg/databases/JSON_file_storage.go:130.16,132.3 1 0
github.com/Lesnoi3283/url_shortener/pkg/databases/JSON_file_storage.go:133.2,135.12 2 0
github.com/Lesnoi3283/url_shortener/pkg/databases/JSON_file_storage.go:138.85,144.16 4 0
github.com/Lesnoi3283/url_shortener/pkg/databases/JSON_file_storage.go:144.16,146.3 1 0
github.com/Lesnoi3283/url_shortener/pkg/databases/JSON_file_storage.go:147.2,152.19 3 0
github.com/Lesnoi3283/url_shortener/pkg/databases/JSON_file_storage.go:152.19,154.22 2 0
github.com/Lesnoi3283/url_shortener/pkg/databases/JSON_file_storage.go:154.22,156.4 1 0
github.com/Lesnoi3283/url_shortener/pkg/databases/JSON_file_storage.go:157.3,157.21 1 0
github.com/Lesnoi3283/url_shortener/pkg/databases/JSON_file_storage.go:157.21,160.18 3 0
github.com/Lesnoi3283/url_shortener/pkg/databases/JSON_file_storage.go:160.18,162.5 1 0
github.com/Lesnoi3283/url_shortener/pkg/databases/JSON_file_storage.go:163.4,163.26 1 0
github.com/Lesnoi3283/url_shortener/pkg/databases/JSON_file_storage.go:168.2,169.27 2 0
github.com/Lesnoi3283/url_shortener/pkg/databases/JSON_file_storage.go:169.27,178.17 4 0
github.com/Lesnoi3283/url_shortener/pkg/databases/JSON_file_storage.go:178.17,180.4 1 0
github.com/Lesnoi3283/url_shortener/pkg/databases/JSON_file_storage.go:182.3,185.17 3 0
github.com/Lesnoi3283/url_shortener/pkg/databases/JSON_file_storage.go:185.17,187.4 1 0
github.com/Lesnoi3283/url_shortener/pkg/databases/JSON_file_storage.go:190.2,192.12 2 0
github.com/Lesnoi3283/url_shortener/pkg/databases/JSON_file_storage.go:195.107,201.16 4 0
github.com/Lesnoi3283/url_shortener/pkg/databases/JSON_file_storage.go:201.16,203.3 1 0
github.com/Lesnoi3283/url_shortener/pkg/databases/JSON_file_storage.go:204.2,209.19 3 0
github.com/Lesnoi3283/url_shortener/pkg/databases/JSON_file_storage.go:209.19,211.22 2 0
github.com/Lesnoi3283/url_shortener/pkg/databases/JSON_file_storage.go:211.22,213.4 1 0
github.com/Lesnoi3283/url_shortener/pkg/databases/JSON_file_storage.go:214.3,214.21 1 0
github.com/Lesnoi3283/url_shortener/pkg/databases/JSON_file_storage.go:214.21,217.18 3 0
github.com/Lesnoi3283/url_shortener/pkg/databases/JSON_file_storage.go:217.18,219.5 1 0
github.com/Lesnoi3283/url_shortener/pkg/databases/JSON_file_storage.go:220.4,220.26 1 0
github.com/Lesnoi3283/url_shortener/pkg/databases/JSON_file_storage.go:225.2,226.27 2 0
github.com/Lesnoi3283/url_shortener/pkg/databases/JSON_file_storage.go:226.27,236.17 4 0
github.com/Lesnoi3283/url_shortener/pkg/databases/JSON_file_storage.go:236.17,238.4 1 0
github.com/Lesnoi3283/url_shortener/pkg/databases/JSON_file_storage.go:240.3,243.17 3 0
github.com/Lesnoi3283/url_shortener/pkg/databases/JSON_file_storage.go:243.17,245.4 1 0
github.com/Lesnoi3283/url_shortener/pkg/databases/JSON_file_storage.go:248.2,250.12 2 0
github.com/Lesnoi3283/url_shortener/pkg/databases/JSON_file_storage.go:253.95,256.2 2 0
github.com/Lesnoi3283/url_shortener/pkg/databases/JSON_file_storage.go:258.105,263.16 4 0
github.com/Lesnoi3283/url_shortener/pkg/databases/JSON_file_storage.go:263.16,265.3 1 0
github.com/Lesnoi3283/url_shortener/pkg/databases/JSON_file_storage.go:266.2,272.21 5 0
github.com/Lesnoi3283/url_shortener/pkg/databases/JSON_file_storage.go:272.21,276.17 4 0
github.com/Lesnoi3283/url_shortener/pkg/databases/JSON_file_storage.go:276.17,278.4 1 0
github.com/Lesnoi3283/url_shortener/pkg/databases/JSON_file_storage.go:280.3,280.32 1 0
github.com/Lesnoi3283/url_shortener/pkg/databases/JSON_file_storage.go:280.32,282.4 1 0
github.com/Lesnoi3283/url_shortener/pkg/databases/JSON_file_storage.go:285.2,285.18 1 0
github.com/Lesnoi3283/url_shortener/pkg/databases/JSON_file_storage.go:288.80,293.16 4 0
github.com/Lesnoi3283/url_shortener/pkg/databases/JSON_file_storage.go:293.16,295.3 1 0
github.com/Lesnoi3283/url_shortener/pkg/databases/JSON_file_storage.go:296.2,301.21 4 0
github.com/Lesnoi3283/url_shortener/pkg/databases/JSON_file_storage.go:301.21,305.17 4 0
github.com/Lesnoi3283/url_shortener/pkg/databases/JSON_file_storage.go:305.17,307.4 1 0
github.com/Lesnoi3283/url_shortener/pkg/databases/JSON_file_storage.go:309.3,309.26 1 0
github.com/Lesnoi3283/url_shortener/pkg/databases/JSON_file_storage.go:309.26,311.4 1 0
github.com/Lesnoi3283/url_shortener/pkg/databases/JSON_file_storage.go:314.2,315.16 2 0
github.com/Lesnoi3283/url_shortener/pkg/databases/JSON_file_storage.go:318.40,320.2 1 0
github.com/Lesnoi3283/url_shortener/pkg/databases/JSON_file_storage.go:323.72,332.2 7 0
github.com/Lesnoi3283/url_shortener/pkg/databases/errors.go:15.45,17.2 1 0
github.com/Lesnoi3283/url_shortener/pkg/databases/errors.go:19.65,21.2 1 0
github.com/Lesnoi3283/url_shortener/pkg/databases/errors.go:23.52,26.2 2 0
github.com/Lesnoi3283/url_shortener/pkg/databases/errors.go:30.31,32.2 1 0
github.com/Lesnoi3283/url_shortener/pkg/databases/errors.go:36.40,38.2 1 0
github.com/Lesnoi3283/url_shortener/pkg/databases/just_a_map.go:19.30,22.2 2 0
github.com/Lesnoi3283/url_shortener/pkg/databases/just_a_map.go:24.92,30.2 5 0
github.com/Lesnoi3283/url_shortener/pkg/databases/just_a_map.go:32.100,33.26 1 0
github.com/Lesnoi3283/url_shortener/pkg/databases/just_a_map.go:33.26,35.17 2 0
github.com/Lesnoi3283/url_shortener/pkg/databases/just_a_map.go:35.17,37.4 1 0
github.com/Lesnoi3283/url_shortener/pkg/databases/just_a_map.go:39.2,39.12 1 0
github.com/Lesnoi3283/url_shortener/pkg/databases/just_a_map.go:42.88,45.2 2 0
github.com/Lesnoi3283/url_shortener/pkg/databases/just_a_map.go:47.89,52.35 4 0
github.com/Lesnoi3283/url_shortener/pkg/databases/just_a_map.go:52.35,54.36 2 0
github.com/Lesnoi3283/url_shortener/pkg/databases/just_a_map.go:54.36,56.4 1 0
github.com/Lesnoi3283/url_shortener/pkg/databases/just_a_map.go:59.2,59.19 1 0
github.com/Lesnoi3283/url_shortener/pkg/databases/just_a_map.go:62.33,64.2 1 0
github.com/Lesnoi3283/url_shortener/pkg/databases/just_a_map.go:67.65,76.2 7 0
github.com/Lesnoi3283/url_shortener/pkg/databases/just_a_map.go:78.70,83.2 4 0
github.com/Lesnoi3283/url_shortener/pkg/databases/just_a_map.go:85.78,86.27 1 0
github.com/Lesnoi3283/url_shortener/pkg/databases/just_a_map.go:86.27,88.17 2 0
github.com/Lesnoi3283/url_shortener/pkg/databases/just_a_map.go:88.17,90.4 1 0
github.com/Lesnoi3283/url_shortener/pkg/databases/just_a_map.go:92.2,92.12 1 0
github.com/Lesnoi3283/url_shortener/pkg/databases/just_a_map.go:95.83,99.9 4 0
github.com/Lesnoi3283/url_shortener/pkg/databases/just_a_map.go:99.9,101.3 1 0
github.com/Lesnoi3283/url_shortener/pkg/databases/just_a_map.go:102.2,102.19 1 0
github.com/Lesnoi3283/url_shortener/pkg/databases/postgresql.go:15.57,17.16 2 0
github.com/Lesnoi3283/url_shortener/pkg/databases/postgresql.go:17.16,19.3 1 0
github.com/Lesnoi3283/url_shortener/pkg/databases/postgresql.go:21.2,35.16 3 0
github.com/Lesnoi3283/url_shortener/pkg/databases/postgresql.go:35.16,37.3 1 0
github.com/Lesnoi3283/url_shortener/pkg/databases/postgresql.go:39.2,43.16 2 0
github.com/Lesnoi3283/url_shortener/pkg/databases/postgresql.go:43.16,45.3 1 0
github.com/Lesnoi3283/url_shortener/pkg/databases/postgresql.go:47.2,47.19 1 0
github.com/Lesnoi3283/url_shortener/pkg/databases/postgresql.go:50.72,54.16 3 0
github.com/Lesnoi3283/url_shortener/pkg/databases/postgresql.go:54.16,56.3 1 0
github.com/Lesnoi3283/url_shortener/pkg/databases/postgresql.go:58.2,59.16 2 0
github.com/Lesnoi3283/url_shortener/pkg/databases/postgresql.go:59.16,61.3 1 0
github.com/Lesnoi3283/url_shortener/pkg/databases/postgresql.go:62.2,62.23 1 0
github.com/Lesnoi3283/url_shortener/pkg/databases/postgresql.go:62.23,69.17 5 0
github.com/Lesnoi3283/url_shortener/pkg/databases/postgresql.go:69.17,71.4 1 0
github.com/Lesnoi3283/url_shortener/pkg/databases/postgresql.go:72.3,72.41 1 0
github.com/Lesnoi3283/url_shortener/pkg/databases/postgresql.go:75.2,75.12 1 0
github.com/Lesnoi3283/url_shortener/pkg/databases/postgresql.go:78.94,82.16 3 0
github.com/Lesnoi3283/url_shortener/pkg/databases/postgresql.go:82.16,84.3 1 0
github.com/Lesnoi3283/url_shortener/pkg/databases/postgresql.go:86.2,87.16 2 0
github.com/Lesnoi3283/url_shortener/pkg/databases/postgresql.go:87.16,89.3 1 0
github.com/Lesnoi3283/url_shortener/pkg/databases/postgresql.go:90.2,90.23 1 0
github.com/Lesnoi3283/url_shortener/pkg/databases/postgresql.go:90.23,96.17 5 0
github.com/Lesnoi3283/url_shortener/pkg/databases/postgresql.go:96.17,98.4 1 0
github.com/Lesnoi3283/url_shortener/pkg/databases/postgresql.go:99.3,99.41 1 0
github.com/Lesnoi3283/url_shortener/pkg/databases/postgresql.go:102.2,102.12 1 0
github.com/Lesnoi3283/url_shortener/pkg/databases/postgresql.go:105.80,107.16 2 0
github.com/Lesnoi3283/url_shortener/pkg/databases/postgresql.go:107.16,109.3 1 0
github.com/Lesnoi3283/url_shortener/pkg/databases/postgresql.go:110.2,112.27 2 0
github.com/Lesnoi3283/url_shortener/pkg/databases/postgresql.go:112.27,114.17 2 0
github.com/Lesnoi3283/url_shortener/pkg/databases/postgresql.go:114.17,116.4 1 0
github.com/Lesnoi3283/url_shortener/pkg/databases/postgresql.go:119.2,120.16 2 0
github.com/Lesnoi3283/url_shortener/pkg/databases/postgresql.go:120.16,122.3 1 0
github.com/Lesnoi3283/url_shortener/pkg/databases/postgresql.go:124.2,124.12 1 0
github.com/Lesnoi3283/url_shortener/pkg/databases/postgresql.go:127.102,129.16 2 0
github.com/Lesnoi3283/url_shortener/pkg/databases/postgresql.go:129.16,131.3 1 0
github.com/Lesnoi3283/url_shortener/pkg/databases/postgresql.go:132.2,134.27 2 0
github.com/Lesnoi3283/url_shortener/pkg/databases/postgresql.go:134.27,136.17 2 0
github.com/Lesnoi3283/url_shortener/pkg/databases/postgresql.go:136.17,139.4 2 0
github.com/Lesnoi3283/url_shortener/pkg/databases/postgresql.go:142.2,143.16 2 0
github.com/Lesnoi3283/url_shortener/pkg/databases/postgresql.go:143.16,145.3 1 0
github.com/Lesnoi3283/url_shortener/pkg/databases/postgresql.go:147.2,147.12 1 0
github.com/Lesnoi3283/url_shortener/pkg/databases/postgresql.go:150.90,152.16 2 0
github.com/Lesnoi3283/url_shortener/pkg/databases/postgresql.go:152.16,154.3 1 0
github.com/Lesnoi3283/url_shortener/pkg/databases/postgresql.go:156.2,158.12 2 0
github.com/Lesnoi3283/url_shortener/pkg/databases/postgresql.go:158.12,159.29 1 0
github.com/Lesnoi3283/url_shortener/pkg/databases/postgresql.go:159.29,161.23 2 0
github.com/Lesnoi3283/url_shortener/pkg/databases/postgresql.go:161.23,164.5 2 0
github.com/Lesnoi3283/url_shortener/pkg/databases/postgresql.go:166.3,166.47 1 0
github.com/Lesnoi3283/url_shortener/pkg/databases/postgresql.go:166.47,169.4 2 0
github.com/Lesnoi3283/url_shortener/pkg/databases/postgresql.go:172.2,173.22 2 0
github.com/Lesnoi3283/url_shortener/pkg/databases/postgresql.go:176.86,184.16 5 0
github.com/Lesnoi3283/url_shortener/pkg/databases/postgresql.go:184.16,186.3 1 0
github.com/Lesnoi3283/url_shortener/pkg/databases/postgresql.go:187.2,187.15 1 0
github.com/Lesnoi3283/url_shortener/pkg/databases/postgresql.go:187.15,189.3 1 0
github.com/Lesnoi3283/url_shortener/pkg/databases/postgresql.go:190.2,190.18 1 0
github.com/Lesnoi3283/url_shortener/pkg/databases/postgresql.go:193.91,199.16 4 0
github.com/Lesnoi3283/url_shortener/pkg/databases/postgresql.go:199.16,201.3 1 0
github.com/Lesnoi3283/url_shortener/pkg/databases/postgresql.go:202.2,204.18 2 0
github.com/Lesnoi3283/url_shortener/pkg/databases/postgresql.go:204.18,206.58 2 0
github.com/Lesnoi3283/url_shortener/pkg/databases/postgresql.go:206.58,208.4 1 0
github.com/Lesnoi3283/url_shortener/pkg/databases/postgresql.go:209.3,209.27 1 0
github.com/Lesnoi3283/url_shortener/pkg/databases/postgresql.go:212.2,212.35 1 0
github.com/Lesnoi3283/url_shortener/pkg/databases/postgresql.go:212.35,214.3 1 0
github.com/Lesnoi3283/url_shortener/pkg/databases/postgresql.go:216.2,216.18 1 0
github.com/Lesnoi3283/url_shortener/pkg/databases/postgresql.go:219.35,221.2 1 0
github.com/Lesnoi3283/url_shortener/pkg/databases/postgresql.go:223.36,225.2 1 0
github.com/Lesnoi3283/url_shortener/pkg/databases/postgresql.go:227.67,233.16 4 0
github.com/Lesnoi3283/url_shortener/pkg/databases/postgresql.go:233.16,235.3 1 0
github.com/Lesnoi3283/url_shortener/pkg/databases/postgresql.go:237.2,237.20 1 0
github.com/Lesnoi3283/url_shortener/config/shortener_config.go:22.32,36.70 12 0
github.com/Lesnoi3283/url_shortener/config/shortener_config.go:36.70,38.3 1 0
github.com/Lesnoi3283/url_shortener/config/shortener_config.go:39.2,39.64 1 0
github.com/Lesnoi3283/url_shortener/config/shortener_config.go:39.64,41.3 1 0
github.com/Lesnoi3283/url_shortener/config/shortener_config.go:42.2,42.55 1 0
github.com/Lesnoi3283/url_shortener/config/shortener_config.go:42.55,44.3 1 0
github.com/Lesnoi3283/url_shortener/config/shortener_config.go:45.2,45.29 1 0
github.com/Lesnoi3283/url_shortener/config/shortener_config.go:45.29,47.3 1 0
github.com/Lesnoi3283/url_shortener/config/shortener_config.go:48.2,48.26 1 0
github.com/Lesnoi3283/url_shortener/config/shortener_config.go:48.26,50.3 1 0
github.com/Lesnoi3283/url_shortener/internal/app/handlers/delete_urls_handler.go:17.83,24.16 4 1
github.com/Lesnoi3283/url_shortener/internal/app/handlers/delete_urls_handler.go:24.16,29.3 3 1
github.com/Lesnoi3283/url_shortener/internal/app/handlers/delete_urls_handler.go:31.2,33.37 3 1
github.com/Lesnoi3283/url_shortener/internal/app/handlers/delete_urls_handler.go:33.37,38.3 3 1
github.com/Lesnoi3283/url_shortener/internal/app/handlers/delete_urls_handler.go:40.2,41.16 2 1
github.com/Lesnoi3283/url_shortener/internal/app/handlers/delete_urls_handler.go:41.16,45.3 3 0
github.com/Lesnoi3283/url_shortener/internal/app/handlers/delete_urls_handler.go:47.2,47.12 1 1
github.com/Lesnoi3283/url_shortener/internal/app/handlers/delete_urls_handler.go:47.12,49.33 2 1
github.com/Lesnoi3283/url_shortener/internal/app/handlers/delete_urls_handler.go:49.33,51.4 1 1
github.com/Lesnoi3283/url_shortener/internal/app/handlers/delete_urls_handler.go:54.2,55.38 2 1
github.com/Lesnoi3283/url_shortener/internal/app/handlers/ping_db_handler.go:14.75,16.16 2 1
github.com/Lesnoi3283/url_shortener/internal/app/handlers/ping_db_handler.go:16.16,21.3 2 1
github.com/Lesnoi3283/url_shortener/internal/app/handlers/ping_db_handler.go:21.8,24.3 2 1
github.com/Lesnoi3283/url_shortener/internal/app/handlers/router_builders.go:11.100,61.2 21 1
github.com/Lesnoi3283/url_shortener/internal/app/handlers/shortenFunc.go:7.36,12.24 4 1
github.com/Lesnoi3283/url_shortener/internal/app/handlers/shortenFunc.go:12.24,14.3 1 1
github.com/Lesnoi3283/url_shortener/internal/app/handlers/shortenFunc.go:15.2,15.33 1 1
github.com/Lesnoi3283/url_shortener/internal/app/handlers/shorten_batch_handler.go:20.85,24.16 3 1
github.com/Lesnoi3283/url_shortener/internal/app/handlers/shorten_batch_handler.go:24.16,28.3 3 0
github.com/Lesnoi3283/url_shortener/internal/app/handlers/shorten_batch_handler.go:30.2,39.16 4 1
github.com/Lesnoi3283/url_shortener/internal/app/handlers/shorten_batch_handler.go:39.16,43.3 3 1
github.com/Lesnoi3283/url_shortener/internal/app/handlers/shorten_batch_handler.go:50.2,53.30 2 1
github.com/Lesnoi3283/url_shortener/internal/app/handlers/shorten_batch_handler.go:53.30,71.3 4 1
github.com/Lesnoi3283/url_shortener/internal/app/handlers/shorten_batch_handler.go:74.2,76.40 3 1
github.com/Lesnoi3283/url_shortener/internal/app/handlers/shorten_batch_handler.go:76.40,78.3 1 1
github.com/Lesnoi3283/url_shortener/internal/app/handlers/shorten_batch_handler.go:78.8,80.3 1 0
github.com/Lesnoi3283/url_shortener/internal/app/handlers/shorten_batch_handler.go:81.2,81.16 1 1
github.com/Lesnoi3283/url_shortener/internal/app/handlers/shorten_batch_handler.go:81.16,85.3 3 0
github.com/Lesnoi3283/url_shortener/internal/app/handlers/shorten_batch_handler.go:88.2,89.16 2 1
github.com/Lesnoi3283/url_shortener/internal/app/handlers/shorten_batch_handler.go:89.16,92.3 2 0
github.com/Lesnoi3283/url_shortener/internal/app/handlers/shorten_batch_handler.go:93.2,95.25 3 1
github.com/Lesnoi3283/url_shortener/internal/app/handlers/shorten_handler.go:22.80,29.16 4 1
github.com/Lesnoi3283/url_shortener/internal/app/handlers/shorten_handler.go:29.16,33.3 3 0
github.com/Lesnoi3283/url_shortener/internal/app/handlers/shorten_handler.go:36.2,41.16 3 1
github.com/Lesnoi3283/url_shortener/internal/app/handlers/shorten_handler.go:41.16,45.3 3 0
github.com/Lesnoi3283/url_shortener/internal/app/handlers/shorten_handler.go:52.2,57.40 4 1
github.com/Lesnoi3283/url_shortener/internal/app/handlers/shorten_handler.go:57.40,62.3 1 1
github.com/Lesnoi3283/url_shortener/internal/app/handlers/shorten_handler.go:62.8,67.3 1 0
github.com/Lesnoi3283/url_shortener/internal/app/handlers/shorten_handler.go:68.2,69.31 2 1
github.com/Lesnoi3283/url_shortener/internal/app/handlers/shorten_handler.go:69.31,72.3 2 0
github.com/Lesnoi3283/url_shortener/internal/app/handlers/shorten_handler.go:72.8,72.23 1 1
github.com/Lesnoi3283/url_shortener/internal/app/handlers/shorten_handler.go:72.23,76.3 3 0
github.com/Lesnoi3283/url_shortener/internal/app/handlers/shorten_handler.go:79.2,86.16 3 1
github.com/Lesnoi3283/url_shortener/internal/app/handlers/shorten_handler.go:86.16,90.3 3 0
github.com/Lesnoi3283/url_shortener/internal/app/handlers/shorten_handler.go:91.2,93.25 3 1
github.com/Lesnoi3283/url_shortener/internal/app/handlers/url_shortener_handler.go:34.89,40.50 3 1
github.com/Lesnoi3283/url_shortener/internal/app/handlers/url_shortener_handler.go:40.50,43.3 2 0
github.com/Lesnoi3283/url_shortener/internal/app/handlers/url_shortener_handler.go:44.2,44.16 1 1
github.com/Lesnoi3283/url_shortener/internal/app/handlers/url_shortener_handler.go:44.16,48.3 3 1
github.com/Lesnoi3283/url_shortener/internal/app/handlers/url_shortener_handler.go:51.2,52.47 2 1
github.com/Lesnoi3283/url_shortener/internal/app/handlers/url_shortener_handler.go:60.85,66.16 3 1
github.com/Lesnoi3283/url_shortener/internal/app/handlers/url_shortener_handler.go:66.16,70.3 3 0
github.com/Lesnoi3283/url_shortener/internal/app/handlers/url_shortener_handler.go:76.2,82.40 5 1
github.com/Lesnoi3283/url_shortener/internal/app/handlers/url_shortener_handler.go:82.40,87.3 1 1
github.com/Lesnoi3283/url_shortener/internal/app/handlers/url_shortener_handler.go:87.8,92.3 1 0
github.com/Lesnoi3283/url_shortener/internal/app/handlers/url_shortener_handler.go:94.2,94.16 1 1
github.com/Lesnoi3283/url_shortener/internal/app/handlers/url_shortener_handler.go:94.16,96.32 2 0
github.com/Lesnoi3283/url_shortener/internal/app/handlers/url_shortener_handler.go:96.32,99.4 2 0
github.com/Lesnoi3283/url_shortener/internal/app/handlers/url_shortener_handler.go:99.9,104.4 4 0
github.com/Lesnoi3283/url_shortener/internal/app/handlers/url_shortener_handler.go:108.2,110.56 3 1
github.com/Lesnoi3283/url_shortener/internal/app/handlers/user_urls_handler.go:22.81,25.16 2 1
github.com/Lesnoi3283/url_shortener/internal/app/handlers/user_urls_handler.go:25.16,29.3 3 1
github.com/Lesnoi3283/url_shortener/internal/app/handlers/user_urls_handler.go:32.2,34.18 3 1
github.com/Lesnoi3283/url_shortener/internal/app/handlers/user_urls_handler.go:34.18,39.3 3 1
github.com/Lesnoi3283/url_shortener/internal/app/handlers/user_urls_handler.go:41.2,43.16 3 1
github.com/Lesnoi3283/url_shortener/internal/app/handlers/user_urls_handler.go:43.16,47.3 3 1
github.com/Lesnoi3283/url_shortener/internal/app/handlers/user_urls_handler.go:47.8,47.33 1 1
github.com/Lesnoi3283/url_shortener/internal/app/handlers/user_urls_handler.go:47.33,50.3 2 1
github.com/Lesnoi3283/url_shortener/internal/app/handlers/user_urls_handler.go:51.2,51.32 1 1
github.com/Lesnoi3283/url_shortener/internal/app/handlers/user_urls_handler.go:51.32,56.3 1 1
github.com/Lesnoi3283/url_shortener/internal/app/handlers/user_urls_handler.go:58.2,59.16 2 1
github.com/Lesnoi3283/url_shortener/internal/app/handlers/user_urls_handler.go:59.16,63.3 3 0
github.com/Lesnoi3283/url_shortener/internal/app/handlers/user_urls_handler.go:65.2,67.21 3 1
github.com/Lesnoi3283/url_shortener/internal/app/handlers/mocks/mock_DBInterface.go:27.83,31.2 3 1
github.com/Lesnoi3283/url_shortener/internal/app/handlers/mocks/mock_DBInterface.go:34.81,36.2 1 1
github.com/Lesnoi3283/url_shortener/internal/app/handlers/mocks/mock_DBInterface.go:39.80,45.2 5 0
github.com/Lesnoi3283/url_shortener/internal/app/handlers/mocks/mock_DBInterface.go:48.89,51.2 2 0
github.com/Lesnoi3283/url_shortener/internal/app/handlers/mocks/mock_DBInterface.go:54.90,60.2 5 1
github.com/Lesnoi3283/url_shortener/internal/app/handlers/mocks/mock_DBInterface.go:63.103,66.2 2 1
github.com/Lesnoi3283/url_shortener/internal/app/handlers/mocks/mock_DBInterface.go:69.90,75.2 5 0
github.com/Lesnoi3283/url_shortener/internal/app/handlers/mocks/mock_DBInterface.go:78.89,81.2 2 0
github.com/Lesnoi3283/url_shortener/internal/app/handlers/mocks/mock_DBInterface.go:84.104,90.2 5 1
github.com/Lesnoi3283/url_shortener/internal/app/handlers/mocks/mock_DBInterface.go:93.98,96.2 2 1
github.com/Lesnoi3283/url_shortener/internal/app/handlers/mocks/mock_DBInterface.go:99.48,104.2 4 1
github.com/Lesnoi3283/url_shortener/internal/app/handlers/mocks/mock_DBInterface.go:107.68,110.2 2 1
github.com/Lesnoi3283/url_shortener/internal/app/handlers/mocks/mock_DBInterface.go:113.85,118.2 4 0
github.com/Lesnoi3283/url_shortener/internal/app/handlers/mocks/mock_DBInterface.go:121.88,124.2 2 0
github.com/Lesnoi3283/url_shortener/internal/app/handlers/mocks/mock_DBInterface.go:127.93,132.2 4 0
github.com/Lesnoi3283/url_shortener/internal/app/handlers/mocks/mock_DBInterface.go:135.94,138.2 2 0
github.com/Lesnoi3283/url_shortener/internal/app/handlers/mocks/mock_DBInterface.go:141.115,146.2 4 0
github.com/Lesnoi3283/url_shortener/internal/app/handlers/mocks/mock_DBInterface.go:149.112,152.2 2 0
github.com/Lesnoi3283/url_shortener/internal/app/handlers/mocks/mock_DBInterface.go:155.107,160.2 4 0
github.com/Lesnoi3283/url_shortener/internal/app/handlers/mocks/mock_DBInterface.go:163.106,166.2 2 0
github.com/Lesnoi3283/url_shortener/pkg/databases/JSON_file_storage.go:30.55,33.2 2 0
github.com/Lesnoi3283/url_shortener/pkg/databases/JSON_file_storage.go:35.77,41.16 4 0
github.com/Lesnoi3283/url_shortener/pkg/databases/JSON_file_storage.go:41.16,43.3 1 0
github.com/Lesnoi3283/url_shortener/pkg/databases/JSON_file_storage.go:44.2,49.19 3 0
github.com/Lesnoi3283/url_shortener/pkg/databases/JSON_file_storage.go:49.19,51.22 2 0
github.com/Lesnoi3283/url_shortener/pkg/databases/JSON_file_storage.go:51.22,53.4 1 0
github.com/Lesnoi3283/url_shortener/pkg/databases/JSON_file_storage.go:54.3,54.21 1 0
github.com/Lesnoi3283/url_shortener/pkg/databases/JSON_file_storage.go:54.21,57.18 3 0
github.com/Lesnoi3283/url_shortener/pkg/databases/JSON_file_storage.go:57.18,59.5 1 0
github.com/Lesnoi3283/url_shortener/pkg/databases/JSON_file_storage.go:60.4,60.26 1 0
github.com/Lesnoi3283/url_shortener/pkg/databases/JSON_file_storage.go:64.2,72.16 4 0
github.com/Lesnoi3283/url_shortener/pkg/databases/JSON_file_storage.go:72.16,74.3 1 0
github.com/Lesnoi3283/url_shortener/pkg/databases/JSON_file_storage.go:76.2,78.16 3 0
github.com/Lesnoi3283/url_shortener/pkg/databases/JSON_file_storage.go:78.16,80.3 1 0
github.com/Lesnoi3283/url_shortener/pkg/databases/JSON_file_storage.go:81.2,83.12 2 0
github.com/Lesnoi3283/url_shortener/pkg/databases/JSON_file_storage.go:86.99,92.16 4 0
github.com/Lesnoi3283/url_shortener/pkg/databases/JSON_file_storage.go:92.16,94.3 1 0
github.com/Lesnoi3283/url_shortener/pkg/databases/JSON_file_storage.go:95.2,100.19 3 0
github.com/Lesnoi3283/url_shortener/pkg/databases/JSON_file_storage.go:100.19,102.22 2 0
github.com/Lesnoi3283/url_shortener/pkg/databases/JSON_file_storage.go:102.22,104.4 1 0
github.com/Lesnoi3283/url_shortener/pkg/databases/JSON_file_storage.go:105.3,105.21 1 0
github.com/Lesnoi3283/url_shortener/pkg/databases/JSON_file_storage.go:105.21,108.18 3 0
github.com/Lesnoi3283/url_shortener/pkg/databases/JSON_file_storage.go:108.18,110.5 1 0
github.com/Lesnoi3283/url_shortener/pkg/databases/JSON_file_storage.go:111.4,111.26 1 0
github.com/Lesnoi3283/url_shortener/pkg/databases/JSON_file_storage.go:115.2,124.16 4 0
github.com/Lesnoi3283/url_shortener/pkg/databases/JSON_file_storage.go:124.16,126.3 1 0
github.com/Lesnoi3283/url_shortener/pkg/databases/JSON_file_storage.go:128.2,130.16 3 0
github.com/Lesnoi3283/url_shortener/pkg/databases/JSON_file_storage.go:130.16,132.3 1 0
github.com/Lesnoi3283/url_shortener/pkg/databases/JSON_file_storage.go:133.2,135.12 2 0
github.com/Lesnoi3283/url_shortener/pkg/databases/JSON_file_storage.go:138.85,144.16 4 0
github.com/Lesnoi3283/url_shortener/pkg/databases/JSON_file_storage.go:144.16,146.3 1 0
github.com/Lesnoi3283/url_shortener/pkg/databases/JSON_file_storage.go:147.2,152.19 3 0
github.com/Lesnoi3283/url_shortener/pkg/databases/JSON_file_storage.go:152.19,154.22 2 0
github.com/Lesnoi3283/url_shortener/pkg/databases/JSON_file_storage.go:154.22,156.4 1 0
github.com/Lesnoi3283/url_shortener/pkg/databases/JSON_file_storage.go:157.3,157.21 1 0
github.com/Lesnoi3283/url_shortener/pkg/databases/JSON_file_storage.go:157.21,160.18 3 0
github.com/Lesnoi3283/url_shortener/pkg/databases/JSON_file_storage.go:160.18,162.5 1 0
github.com/Lesnoi3283/url_shortener/pkg/databases/JSON_file_storage.go:163.4,163.26 1 0
github.com/Lesnoi3283/url_shortener/pkg/databases/JSON_file_storage.go:168.2,169.27 2 0
github.com/Lesnoi3283/url_shortener/pkg/databases/JSON_file_storage.go:169.27,178.17 4 0
github.com/Lesnoi3283/url_shortener/pkg/databases/JSON_file_storage.go:178.17,180.4 1 0
github.com/Lesnoi3283/url_shortener/pkg/databases/JSON_file_storage.go:182.3,185.17 3 0
github.com/Lesnoi3283/url_shortener/pkg/databases/JSON_file_storage.go:185.17,187.4 1 0
github.com/Lesnoi3283/url_shortener/pkg/databases/JSON_file_storage.go:190.2,192.12 2 0
github.com/Lesnoi3283/url_shortener/pkg/databases/JSON_file_storage.go:195.107,201.16 4 0
github.com/Lesnoi3283/url_shortener/pkg/databases/JSON_file_storage.go:201.16,203.3 1 0
github.com/Lesnoi3283/url_shortener/pkg/databases/JSON_file_storage.go:204.2,209.19 3 0
github.com/Lesnoi3283/url_shortener/pkg/databases/JSON_file_storage.go:209.19,211.22 2 0
github.com/Lesnoi3283/url_shortener/pkg/databases/JSON_file_storage.go:211.22,213.4 1 0
github.com/Lesnoi3283/url_shortener/pkg/databases/JSON_file_storage.go:214.3,214.21 1 0
github.com/Lesnoi3283/url_shortener/pkg/databases/JSON_file_storage.go:214.21,217.18 3 0
github.com/Lesnoi3283/url_shortener/pkg/databases/JSON_file_storage.go:217.18,219.5 1 0
github.com/Lesnoi3283/url_shortener/pkg/databases/JSON_file_storage.go:220.4,220.26 1 0
github.com/Lesnoi3283/url_shortener/pkg/databases/JSON_file_storage.go:225.2,226.27 2 0
github.com/Lesnoi3283/url_shortener/pkg/databases/JSON_file_storage.go:226.27,236.17 4 0
github.com/Lesnoi3283/url_shortener/pkg/databases/JSON_file_storage.go:236.17,238.4 1 0
github.com/Lesnoi3283/url_shortener/pkg/databases/JSON_file_storage.go:240.3,243.17 3 0
github.com/Lesnoi3283/url_shortener/pkg/databases/JSON_file_storage.go:243.17,245.4 1 0
github.com/Lesnoi3283/url_shortener/pkg/databases/JSON_file_storage.go:248.2,250.12 2 0
github.com/Lesnoi3283/url_shortener/pkg/databases/JSON_file_storage.go:253.95,256.2 2 0
github.com/Lesnoi3283/url_shortener/pkg/databases/JSON_file_storage.go:258.105,263.16 4 0
github.com/Lesnoi3283/url_shortener/pkg/databases/JSON_file_storage.go:263.16,265.3 1 0
github.com/Lesnoi3283/url_shortener/pkg/databases/JSON_file_storage.go:266.2,272.21 5 0
github.com/Lesnoi3283/url_shortener/pkg/databases/JSON_file_storage.go:272.21,276.17 4 0
github.com/Lesnoi3283/url_shortener/pkg/databases/JSON_file_storage.go:276.17,278.4 1 0
github.com/Lesnoi3283/url_shortener/pkg/databases/JSON_file_storage.go:280.3,280.32 1 0
github.com/Lesnoi3283/url_shortener/pkg/databases/JSON_file_storage.go:280.32,282.4 1 0
github.com/Lesnoi3283/url_shortener/pkg/databases/JSON_file_storage.go:285.2,285.18 1 0
github.com/Lesnoi3283/url_shortener/pkg/databases/JSON_file_storage.go:288.80,293.16 4 0
github.com/Lesnoi3283/url_shortener/pkg/databases/JSON_file_storage.go:293.16,295.3 1 0
github.com/Lesnoi3283/url_shortener/pkg/databases/JSON_file_storage.go:296.2,301.21 4 0
github.com/Lesnoi3283/url_shortener/pkg/databases/JSON_file_storage.go:301.21,305.17 4 0
github.com/Lesnoi3283/url_shortener/pkg/databases/JSON_file_storage.go:305.17,307.4 1 0
github.com/Lesnoi3283/url_shortener/pkg/databases/JSON_file_storage.go:309.3,309.26 1 0
github.com/Lesnoi3283/url_shortener/pkg/databases/JSON_file_storage.go:309.26,311.4 1 0
github.com/Lesnoi3283/url_shortener/pkg/databases/JSON_file_storage.go:314.2,315.16 2 0
github.com/Lesnoi3283/url_shortener/pkg/databases/JSON_file_storage.go:318.40,320.2 1 0
github.com/Lesnoi3283/url_shortener/pkg/databases/JSON_file_storage.go:323.72,332.2 7 0
github.com/Lesnoi3283/url_shortener/pkg/databases/errors.go:15.45,17.2 1 0
github.com/Lesnoi3283/url_shortener/pkg/databases/errors.go:19.65,21.2 1 0
github.com/Lesnoi3283/url_shortener/pkg/databases/errors.go:23.52,26.2 2 0
github.com/Lesnoi3283/url_shortener/pkg/databases/errors.go:30.31,32.2 1 1
github.com/Lesnoi3283/url_shortener/pkg/databases/errors.go:36.40,38.2 1 0
github.com/Lesnoi3283/url_shortener/pkg/databases/just_a_map.go:19.30,22.2 2 1
github.com/Lesnoi3283/url_shortener/pkg/databases/just_a_map.go:24.92,30.2 5 1
github.com/Lesnoi3283/url_shortener/pkg/databases/just_a_map.go:32.100,33.26 1 1
github.com/Lesnoi3283/url_shortener/pkg/databases/just_a_map.go:33.26,35.17 2 1
github.com/Lesnoi3283/url_shortener/pkg/databases/just_a_map.go:35.17,37.4 1 0
github.com/Lesnoi3283/url_shortener/pkg/databases/just_a_map.go:39.2,39.12 1 1
github.com/Lesnoi3283/url_shortener/pkg/databases/just_a_map.go:42.88,45.2 2 0
github.com/Lesnoi3283/url_shortener/pkg/databases/just_a_map.go:47.89,52.35 4 0
github.com/Lesnoi3283/url_shortener/pkg/databases/just_a_map.go:52.35,54.36 2 0
github.com/Lesnoi3283/url_shortener/pkg/databases/just_a_map.go:54.36,56.4 1 0
github.com/Lesnoi3283/url_shortener/pkg/databases/just_a_map.go:59.2,59.19 1 0
github.com/Lesnoi3283/url_shortener/pkg/databases/just_a_map.go:62.33,64.2 1 0
github.com/Lesnoi3283/url_shortener/pkg/databases/just_a_map.go:67.65,76.2 7 1
github.com/Lesnoi3283/url_shortener/pkg/databases/just_a_map.go:78.70,83.2 4 0
github.com/Lesnoi3283/url_shortener/pkg/databases/just_a_map.go:85.78,86.27 1 0
github.com/Lesnoi3283/url_shortener/pkg/databases/just_a_map.go:86.27,88.17 2 0
github.com/Lesnoi3283/url_shortener/pkg/databases/just_a_map.go:88.17,90.4 1 0
github.com/Lesnoi3283/url_shortener/pkg/databases/just_a_map.go:92.2,92.12 1 0
github.com/Lesnoi3283/url_shortener/pkg/databases/just_a_map.go:95.83,99.9 4 1
github.com/Lesnoi3283/url_shortener/pkg/databases/just_a_map.go:99.9,101.3 1 1
github.com/Lesnoi3283/url_shortener/pkg/databases/just_a_map.go:102.2,102.19 1 1
github.com/Lesnoi3283/url_shortener/pkg/databases/postgresql.go:15.57,17.16 2 0
github.com/Lesnoi3283/url_shortener/pkg/databases/postgresql.go:17.16,19.3 1 0
github.com/Lesnoi3283/url_shortener/pkg/databases/postgresql.go:21.2,35.16 3 0
github.com/Lesnoi3283/url_shortener/pkg/databases/postgresql.go:35.16,37.3 1 0
github.com/Lesnoi3283/url_shortener/pkg/databases/postgresql.go:39.2,43.16 2 0
github.com/Lesnoi3283/url_shortener/pkg/databases/postgresql.go:43.16,45.3 1 0
github.com/Lesnoi3283/url_shortener/pkg/databases/postgresql.go:47.2,47.19 1 0
github.com/Lesnoi3283/url_shortener/pkg/databases/postgresql.go:50.72,54.16 3 0
github.com/Lesnoi3283/url_shortener/pkg/databases/postgresql.go:54.16,56.3 1 0
github.com/Lesnoi3283/url_shortener/pkg/databases/postgresql.go:58.2,59.16 2 0
github.com/Lesnoi3283/url_shortener/pkg/databases/postgresql.go:59.16,61.3 1 0
github.com/Lesnoi3283/url_shortener/pkg/databases/postgresql.go:62.2,62.23 1 0
github.com/Lesnoi3283/url_shortener/pkg/databases/postgresql.go:62.23,69.17 5 0
github.com/Lesnoi3283/url_shortener/pkg/databases/postgresql.go:69.17,71.4 1 0
github.com/Lesnoi3283/url_shortener/pkg/databases/postgresql.go:72.3,72.41 1 0
github.com/Lesnoi3283/url_shortener/pkg/databases/postgresql.go:75.2,75.12 1 0
github.com/Lesnoi3283/url_shortener/pkg/databases/postgresql.go:78.94,82.16 3 0
github.com/Lesnoi3283/url_shortener/pkg/databases/postgresql.go:82.16,84.3 1 0
github.com/Lesnoi3283/url_shortener/pkg/databases/postgresql.go:86.2,87.16 2 0
github.com/Lesnoi3283/url_shortener/pkg/databases/postgresql.go:87.16,89.3 1 0
github.com/Lesnoi3283/url_shortener/pkg/databases/postgresql.go:90.2,90.23 1 0
github.com/Lesnoi3283/url_shortener/pkg/databases/postgresql.go:90.23,96.17 5 0
github.com/Lesnoi3283/url_shortener/pkg/databases/postgresql.go:96.17,98.4 1 0
github.com/Lesnoi3283/url_shortener/pkg/databases/postgresql.go:99.3,99.41 1 0
github.com/Lesnoi3283/url_shortener/pkg/databases/postgresql.go:102.2,102.12 1 0
github.com/Lesnoi3283/url_shortener/pkg/databases/postgresql.go:105.80,107.16 2 0
github.com/Lesnoi3283/url_shortener/pkg/databases/postgresql.go:107.16,109.3 1 0
github.com/Lesnoi3283/url_shortener/pkg/databases/postgresql.go:110.2,112.27 2 0
github.com/Lesnoi3283/url_shortener/pkg/databases/postgresql.go:112.27,114.17 2 0
github.com/Lesnoi3283/url_shortener/pkg/databases/postgresql.go:114.17,116.4 1 0
github.com/Lesnoi3283/url_shortener/pkg/databases/postgresql.go:119.2,120.16 2 0
github.com/Lesnoi3283/url_shortener/pkg/databases/postgresql.go:120.16,122.3 1 0
github.com/Lesnoi3283/url_shortener/pkg/databases/postgresql.go:124.2,124.12 1 0
github.com/Lesnoi3283/url_shortener/pkg/databases/postgresql.go:127.102,129.16 2 0
github.com/Lesnoi3283/url_shortener/pkg/databases/postgresql.go:129.16,131.3 1 0
github.com/Lesnoi3283/url_shortener/pkg/databases/postgresql.go:132.2,134.27 2 0
github.com/Lesnoi3283/url_shortener/pkg/databases/postgresql.go:134.27,136.17 2 0
github.com/Lesnoi3283/url_shortener/pkg/databases/postgresql.go:136.17,139.4 2 0
github.com/Lesnoi3283/url_shortener/pkg/databases/postgresql.go:142.2,143.16 2 0
github.com/Lesnoi3283/url_shortener/pkg/databases/postgresql.go:143.16,145.3 1 0
github.com/Lesnoi3283/url_shortener/pkg/databases/postgresql.go:147.2,147.12 1 0
github.com/Lesnoi3283/url_shortener/pkg/databases/postgresql.go:150.90,152.16 2 0
github.com/Lesnoi3283/url_shortener/pkg/databases/postgresql.go:152.16,154.3 1 0
github.com/Lesnoi3283/url_shortener/pkg/databases/postgresql.go:156.2,158.12 2 0
github.com/Lesnoi3283/url_shortener/pkg/databases/postgresql.go:158.12,159.29 1 0
github.com/Lesnoi3283/url_shortener/pkg/databases/postgresql.go:159.29,161.23 2 0
github.com/Lesnoi3283/url_shortener/pkg/databases/postgresql.go:161.23,164.5 2 0
github.com/Lesnoi3283/url_shortener/pkg/databases/postgresql.go:166.3,166.47 1 0
github.com/Lesnoi3283/url_shortener/pkg/databases/postgresql.go:166.47,169.4 2 0
github.com/Lesnoi3283/url_shortener/pkg/databases/postgresql.go:172.2,173.22 2 0
github.com/Lesnoi3283/url_shortener/pkg/databases/postgresql.go:176.86,184.16 5 0
github.com/Lesnoi3283/url_shortener/pkg/databases/postgresql.go:184.16,186.3 1 0
github.com/Lesnoi3283/url_shortener/pkg/databases/postgresql.go:187.2,187.15 1 0
github.com/Lesnoi3283/url_shortener/pkg/databases/postgresql.go:187.15,189.3 1 0
github.com/Lesnoi3283/url_shortener/pkg/databases/postgresql.go:190.2,190.18 1 0
github.com/Lesnoi3283/url_shortener/pkg/databases/postgresql.go:193.91,199.16 4 0
github.com/Lesnoi3283/url_shortener/pkg/databases/postgresql.go:199.16,201.3 1 0
github.com/Lesnoi3283/url_shortener/pkg/databases/postgresql.go:202.2,204.18 2 0
github.com/Lesnoi3283/url_shortener/pkg/databases/postgresql.go:204.18,206.58 2 0
github.com/Lesnoi3283/url_shortener/pkg/databases/postgresql.go:206.58,208.4 1 0
github.com/Lesnoi3283/url_shortener/pkg/databases/postgresql.go:209.3,209.27 1 0
github.com/Lesnoi3283/url_shortener/pkg/databases/postgresql.go:212.2,212.35 1 0
github.com/Lesnoi3283/url_shortener/pkg/databases/postgresql.go:212.35,214.3 1 0
github.com/Lesnoi3283/url_shortener/pkg/databases/postgresql.go:216.2,216.18 1 0
github.com/Lesnoi3283/url_shortener/pkg/databases/postgresql.go:219.35,221.2 1 0
github.com/Lesnoi3283/url_shortener/pkg/databases/postgresql.go:223.36,225.2 1 0
github.com/Lesnoi3283/url_shortener/pkg/databases/postgresql.go:227.67,233.16 4 0
github.com/Lesnoi3283/url_shortener/pkg/databases/postgresql.go:233.16,235.3 1 0
github.com/Lesnoi3283/url_shortener/pkg/databases/postgresql.go:237.2,237.20 1 0
github.com/Lesnoi3283/url_shortener/internal/app/middlewares/auth_mw.go:25.52,35.16 4 1
github.com/Lesnoi3283/url_shortener/internal/app/middlewares/auth_mw.go:35.16,37.3 1 0
github.com/Lesnoi3283/url_shortener/internal/app/middlewares/auth_mw.go:39.2,39.25 1 1
github.com/Lesnoi3283/url_shortener/internal/app/middlewares/auth_mw.go:42.40,45.43 2 1
github.com/Lesnoi3283/url_shortener/internal/app/middlewares/auth_mw.go:45.43,47.4 1 1
github.com/Lesnoi3283/url_shortener/internal/app/middlewares/auth_mw.go:48.2,48.16 1 1
github.com/Lesnoi3283/url_shortener/internal/app/middlewares/auth_mw.go:48.16,50.3 1 0
github.com/Lesnoi3283/url_shortener/internal/app/middlewares/auth_mw.go:52.2,52.18 1 1
github.com/Lesnoi3283/url_shortener/internal/app/middlewares/auth_mw.go:52.18,54.3 1 0
github.com/Lesnoi3283/url_shortener/internal/app/middlewares/auth_mw.go:56.2,56.22 1 1
github.com/Lesnoi3283/url_shortener/internal/app/middlewares/auth_mw.go:65.102,66.46 1 1
github.com/Lesnoi3283/url_shortener/internal/app/middlewares/auth_mw.go:66.46,67.72 1 1
github.com/Lesnoi3283/url_shortener/internal/app/middlewares/auth_mw.go:67.72,69.18 2 1
github.com/Lesnoi3283/url_shortener/internal/app/middlewares/auth_mw.go:69.18,71.21 2 1
github.com/Lesnoi3283/url_shortener/internal/app/middlewares/auth_mw.go:71.21,75.6 3 1
github.com/Lesnoi3283/url_shortener/internal/app/middlewares/auth_mw.go:78.4,79.18 2 1
github.com/Lesnoi3283/url_shortener/internal/app/middlewares/auth_mw.go:79.18,83.5 3 0
github.com/Lesnoi3283/url_shortener/internal/app/middlewares/auth_mw.go:85.4,86.18 2 1
github.com/Lesnoi3283/url_shortener/internal/app/middlewares/auth_mw.go:86.18,90.5 3 0
github.com/Lesnoi3283/url_shortener/internal/app/middlewares/auth_mw.go:92.4,98.41 3 1
github.com/Lesnoi3283/url_shortener/internal/app/middlewares/compression_mw.go:16.50,18.2 1 1
github.com/Lesnoi3283/url_shortener/internal/app/middlewares/compression_mw.go:20.83,21.46 1 1
github.com/Lesnoi3283/url_shortener/internal/app/middlewares/compression_mw.go:21.46,22.72 1 1
github.com/Lesnoi3283/url_shortener/internal/app/middlewares/compression_mw.go:22.72,24.26 2 1
github.com/Lesnoi3283/url_shortener/internal/app/middlewares/compression_mw.go:24.26,27.19 2 1
github.com/Lesnoi3283/url_shortener/internal/app/middlewares/compression_mw.go:27.19,31.6 3 0
github.com/Lesnoi3283/url_shortener/internal/app/middlewares/compression_mw.go:34.5,35.19 2 1
github.com/Lesnoi3283/url_shortener/internal/app/middlewares/compression_mw.go:35.19,39.6 3 0
github.com/Lesnoi3283/url_shortener/internal/app/middlewares/compression_mw.go:43.5,44.57 2 1
github.com/Lesnoi3283/url_shortener/internal/app/middlewares/compression_mw.go:46.10,46.29 1 1
github.com/Lesnoi3283/url_shortener/internal/app/middlewares/compression_mw.go:46.29,50.5 3 1
github.com/Lesnoi3283/url_shortener/internal/app/middlewares/compression_mw.go:53.4,53.58 1 1
github.com/Lesnoi3283/url_shortener/internal/app/middlewares/compression_mw.go:53.58,54.21 1 1
github.com/Lesnoi3283/url_shortener/internal/app/middlewares/compression_mw.go:54.21,56.20 2 1
github.com/Lesnoi3283/url_shortener/internal/app/middlewares/compression_mw.go:56.20,60.7 3 0
github.com/Lesnoi3283/url_shortener/internal/app/middlewares/compression_mw.go:61.6,69.11 4 1
github.com/Lesnoi3283/url_shortener/internal/app/middlewares/compression_mw.go:74.4,74.24 1 1
github.com/Lesnoi3283/url_shortener/internal/app/middlewares/logger_mw.go:19.62,23.2 3 1
github.com/Lesnoi3283/url_shortener/internal/app/middlewares/logger_mw.go:25.61,28.2 2 1
github.com/Lesnoi3283/url_shortener/internal/app/middlewares/logger_mw.go:30.54,32.2 1 0
github.com/Lesnoi3283/url_shortener/internal/app/middlewares/logger_mw.go:34.78,35.46 1 1
github.com/Lesnoi3283/url_shortener/internal/app/middlewares/logger_mw.go:35.46,36.72 1 1
github.com/Lesnoi3283/url_shortener/internal/app/middlewares/logger_mw.go:36.72,50.4 6 1
github.com/Lesnoi3283/url_shortener/internal/app/middlewares/request_limiter_mw.go:13.35,15.2 1 1
github.com/Lesnoi3283/url_shortener/internal/app/middlewares/request_limiter_mw.go:34.76,36.2 1 1
github.com/Lesnoi3283/url_shortener/internal/app/middlewares/request_limiter_mw.go:38.38,42.25 3 1
github.com/Lesnoi3283/url_shortener/internal/app/middlewares/request_limiter_mw.go:42.25,44.3 1 1
github.com/Lesnoi3283/url_shortener/internal/app/middlewares/request_limiter_mw.go:44.8,44.26 1 1
github.com/Lesnoi3283/url_shortener/internal/app/middlewares/request_limiter_mw.go:44.26,53.3 4 1
github.com/Lesnoi3283/url_shortener/internal/app/middlewares/request_limiter_mw.go:53.8,61.3 4 0
github.com/Lesnoi3283/url_shortener/internal/app/middlewares/request_limiter_mw.go:65.48,69.19 3 1
github.com/Lesnoi3283/url_shortener/internal/app/middlewares/request_limiter_mw.go:69.19,70.45 1 1
github.com/Lesnoi3283/url_shortener/internal/app/middlewares/request_limiter_mw.go:70.45,73.21 3 1
github.com/Lesnoi3283/url_shortener/internal/app/middlewares/request_limiter_mw.go:73.21,74.10 1 1
github.com/Lesnoi3283/url_shortener/internal/app/middlewares/request_limiter_mw.go:78.2,79.16 2 1
github.com/Lesnoi3283/url_shortener/internal/app/middlewares/request_limiter_mw.go:82.111,83.46 1 1
github.com/Lesnoi3283/url_shortener/internal/app/middlewares/request_limiter_mw.go:83.46,84.72 1 1
github.com/Lesnoi3283/url_shortener/internal/app/middlewares/request_limiter_mw.go:84.72,87.68 2 1
github.com/Lesnoi3283/url_shortener/internal/app/middlewares/request_limiter_mw.go:87.68,91.5 3 1
github.com/Lesnoi3283/url_shortener/internal/app/middlewares/request_limiter_mw.go:93.4,93.24 1 1
github.com/Lesnoi3283/url_shortener/internal/app/middlewares/mocks/mocks_AuthMW.go:26.67,30.2 3 1
github.com/Lesnoi3283/url_shortener/internal/app/middlewares/mocks/mocks_AuthMW.go:33.65,35.2 1 1
github.com/Lesnoi3283/url_shortener/internal/app/middlewares/mocks/mocks_AuthMW.go:38.72,44.2 5 1
github.com/Lesnoi3283/url_shortener/internal/app/middlewares/mocks/mocks_AuthMW.go:47.81,50.2 2 1
